Started GET "/app/boot.js" for 127.0.0.1 at 2017-10-11 17:29:26 -0500
  
ActionController::RoutingError (No route matches [GET] "/app/boot.js"):
  
actionpack (5.1.4) lib/action_dispatch/middleware/debug_exceptions.rb:63:in `call'
web-console (3.5.1) lib/web_console/middleware.rb:135:in `call_app'
web-console (3.5.1) lib/web_console/middleware.rb:28:in `block in call'
web-console (3.5.1) lib/web_console/middleware.rb:18:in `catch'
web-console (3.5.1) lib/web_console/middleware.rb:18:in `call'
actionpack (5.1.4) lib/action_dispatch/middleware/show_exceptions.rb:31:in `call'
railties (5.1.4) lib/rails/rack/logger.rb:36:in `call_app'
railties (5.1.4) lib/rails/rack/logger.rb:24:in `block in call'
activesupport (5.1.4) lib/active_support/tagged_logging.rb:69:in `block in tagged'
activesupport (5.1.4) lib/active_support/tagged_logging.rb:26:in `tagged'
activesupport (5.1.4) lib/active_support/tagged_logging.rb:69:in `tagged'
railties (5.1.4) lib/rails/rack/logger.rb:24:in `call'
sprockets-rails (3.2.1) lib/sprockets/rails/quiet_assets.rb:13:in `call'
actionpack (5.1.4) lib/action_dispatch/middleware/remote_ip.rb:79:in `call'
actionpack (5.1.4) lib/action_dispatch/middleware/request_id.rb:25:in `call'
rack (2.0.3) lib/rack/method_override.rb:22:in `call'
rack (2.0.3) lib/rack/runtime.rb:22:in `call'
activesupport (5.1.4) lib/active_support/cache/strategy/local_cache_middleware.rb:27:in `call'
actionpack (5.1.4) lib/action_dispatch/middleware/executor.rb:12:in `call'
actionpack (5.1.4) lib/action_dispatch/middleware/static.rb:125:in `call'
rack (2.0.3) lib/rack/sendfile.rb:111:in `call'
rack-cors (1.0.1) lib/rack/cors.rb:93:in `call'
railties (5.1.4) lib/rails/engine.rb:522:in `call'
puma (3.10.0) lib/puma/configuration.rb:225:in `call'
puma (3.10.0) lib/puma/server.rb:605:in `handle_request'
puma (3.10.0) lib/puma/server.rb:437:in `process_client'
puma (3.10.0) lib/puma/server.rb:301:in `block in run'
puma (3.10.0) lib/puma/thread_pool.rb:120:in `block in spawn_thread'
Started GET "/app/boot.js" for 127.0.0.1 at 2017-10-11 17:30:08 -0500
  
ActionController::RoutingError (No route matches [GET] "/app/boot.js"):
  
actionpack (5.1.4) lib/action_dispatch/middleware/debug_exceptions.rb:63:in `call'
web-console (3.5.1) lib/web_console/middleware.rb:135:in `call_app'
web-console (3.5.1) lib/web_console/middleware.rb:28:in `block in call'
web-console (3.5.1) lib/web_console/middleware.rb:18:in `catch'
web-console (3.5.1) lib/web_console/middleware.rb:18:in `call'
actionpack (5.1.4) lib/action_dispatch/middleware/show_exceptions.rb:31:in `call'
railties (5.1.4) lib/rails/rack/logger.rb:36:in `call_app'
railties (5.1.4) lib/rails/rack/logger.rb:24:in `block in call'
activesupport (5.1.4) lib/active_support/tagged_logging.rb:69:in `block in tagged'
activesupport (5.1.4) lib/active_support/tagged_logging.rb:26:in `tagged'
activesupport (5.1.4) lib/active_support/tagged_logging.rb:69:in `tagged'
railties (5.1.4) lib/rails/rack/logger.rb:24:in `call'
sprockets-rails (3.2.1) lib/sprockets/rails/quiet_assets.rb:13:in `call'
actionpack (5.1.4) lib/action_dispatch/middleware/remote_ip.rb:79:in `call'
actionpack (5.1.4) lib/action_dispatch/middleware/request_id.rb:25:in `call'
rack (2.0.3) lib/rack/method_override.rb:22:in `call'
rack (2.0.3) lib/rack/runtime.rb:22:in `call'
activesupport (5.1.4) lib/active_support/cache/strategy/local_cache_middleware.rb:27:in `call'
actionpack (5.1.4) lib/action_dispatch/middleware/executor.rb:12:in `call'
actionpack (5.1.4) lib/action_dispatch/middleware/static.rb:125:in `call'
rack (2.0.3) lib/rack/sendfile.rb:111:in `call'
rack-cors (1.0.1) lib/rack/cors.rb:93:in `call'
railties (5.1.4) lib/rails/engine.rb:522:in `call'
puma (3.10.0) lib/puma/configuration.rb:225:in `call'
puma (3.10.0) lib/puma/server.rb:605:in `handle_request'
puma (3.10.0) lib/puma/server.rb:437:in `process_client'
puma (3.10.0) lib/puma/server.rb:301:in `block in run'
puma (3.10.0) lib/puma/thread_pool.rb:120:in `block in spawn_thread'
Started GET "/app/boot.js" for 127.0.0.1 at 2017-10-11 17:30:54 -0500
  
ActionController::RoutingError (No route matches [GET] "/app/boot.js"):
  
actionpack (5.1.4) lib/action_dispatch/middleware/debug_exceptions.rb:63:in `call'
web-console (3.5.1) lib/web_console/middleware.rb:135:in `call_app'
web-console (3.5.1) lib/web_console/middleware.rb:28:in `block in call'
web-console (3.5.1) lib/web_console/middleware.rb:18:in `catch'
web-console (3.5.1) lib/web_console/middleware.rb:18:in `call'
actionpack (5.1.4) lib/action_dispatch/middleware/show_exceptions.rb:31:in `call'
railties (5.1.4) lib/rails/rack/logger.rb:36:in `call_app'
railties (5.1.4) lib/rails/rack/logger.rb:24:in `block in call'
activesupport (5.1.4) lib/active_support/tagged_logging.rb:69:in `block in tagged'
activesupport (5.1.4) lib/active_support/tagged_logging.rb:26:in `tagged'
activesupport (5.1.4) lib/active_support/tagged_logging.rb:69:in `tagged'
railties (5.1.4) lib/rails/rack/logger.rb:24:in `call'
sprockets-rails (3.2.1) lib/sprockets/rails/quiet_assets.rb:13:in `call'
actionpack (5.1.4) lib/action_dispatch/middleware/remote_ip.rb:79:in `call'
actionpack (5.1.4) lib/action_dispatch/middleware/request_id.rb:25:in `call'
rack (2.0.3) lib/rack/method_override.rb:22:in `call'
rack (2.0.3) lib/rack/runtime.rb:22:in `call'
activesupport (5.1.4) lib/active_support/cache/strategy/local_cache_middleware.rb:27:in `call'
actionpack (5.1.4) lib/action_dispatch/middleware/executor.rb:12:in `call'
actionpack (5.1.4) lib/action_dispatch/middleware/static.rb:125:in `call'
rack (2.0.3) lib/rack/sendfile.rb:111:in `call'
rack-cors (1.0.1) lib/rack/cors.rb:93:in `call'
railties (5.1.4) lib/rails/engine.rb:522:in `call'
puma (3.10.0) lib/puma/configuration.rb:225:in `call'
puma (3.10.0) lib/puma/server.rb:605:in `handle_request'
puma (3.10.0) lib/puma/server.rb:437:in `process_client'
puma (3.10.0) lib/puma/server.rb:301:in `block in run'
puma (3.10.0) lib/puma/thread_pool.rb:120:in `block in spawn_thread'
Started GET "/app/boot.js" for 127.0.0.1 at 2017-10-11 17:31:26 -0500
  
ActionController::RoutingError (No route matches [GET] "/app/boot.js"):
  
actionpack (5.1.4) lib/action_dispatch/middleware/debug_exceptions.rb:63:in `call'
web-console (3.5.1) lib/web_console/middleware.rb:135:in `call_app'
web-console (3.5.1) lib/web_console/middleware.rb:28:in `block in call'
web-console (3.5.1) lib/web_console/middleware.rb:18:in `catch'
web-console (3.5.1) lib/web_console/middleware.rb:18:in `call'
actionpack (5.1.4) lib/action_dispatch/middleware/show_exceptions.rb:31:in `call'
railties (5.1.4) lib/rails/rack/logger.rb:36:in `call_app'
railties (5.1.4) lib/rails/rack/logger.rb:24:in `block in call'
activesupport (5.1.4) lib/active_support/tagged_logging.rb:69:in `block in tagged'
activesupport (5.1.4) lib/active_support/tagged_logging.rb:26:in `tagged'
activesupport (5.1.4) lib/active_support/tagged_logging.rb:69:in `tagged'
railties (5.1.4) lib/rails/rack/logger.rb:24:in `call'
sprockets-rails (3.2.1) lib/sprockets/rails/quiet_assets.rb:13:in `call'
actionpack (5.1.4) lib/action_dispatch/middleware/remote_ip.rb:79:in `call'
actionpack (5.1.4) lib/action_dispatch/middleware/request_id.rb:25:in `call'
rack (2.0.3) lib/rack/method_override.rb:22:in `call'
rack (2.0.3) lib/rack/runtime.rb:22:in `call'
activesupport (5.1.4) lib/active_support/cache/strategy/local_cache_middleware.rb:27:in `call'
actionpack (5.1.4) lib/action_dispatch/middleware/executor.rb:12:in `call'
actionpack (5.1.4) lib/action_dispatch/middleware/static.rb:125:in `call'
rack (2.0.3) lib/rack/sendfile.rb:111:in `call'
rack-cors (1.0.1) lib/rack/cors.rb:93:in `call'
railties (5.1.4) lib/rails/engine.rb:522:in `call'
puma (3.10.0) lib/puma/configuration.rb:225:in `call'
puma (3.10.0) lib/puma/server.rb:605:in `handle_request'
puma (3.10.0) lib/puma/server.rb:437:in `process_client'
puma (3.10.0) lib/puma/server.rb:301:in `block in run'
puma (3.10.0) lib/puma/thread_pool.rb:120:in `block in spawn_thread'
Started GET "/app/boot.js" for 127.0.0.1 at 2017-10-11 17:35:44 -0500
  
ActionController::RoutingError (No route matches [GET] "/app/boot.js"):
  
actionpack (5.1.4) lib/action_dispatch/middleware/debug_exceptions.rb:63:in `call'
web-console (3.5.1) lib/web_console/middleware.rb:135:in `call_app'
web-console (3.5.1) lib/web_console/middleware.rb:28:in `block in call'
web-console (3.5.1) lib/web_console/middleware.rb:18:in `catch'
web-console (3.5.1) lib/web_console/middleware.rb:18:in `call'
actionpack (5.1.4) lib/action_dispatch/middleware/show_exceptions.rb:31:in `call'
railties (5.1.4) lib/rails/rack/logger.rb:36:in `call_app'
railties (5.1.4) lib/rails/rack/logger.rb:24:in `block in call'
activesupport (5.1.4) lib/active_support/tagged_logging.rb:69:in `block in tagged'
activesupport (5.1.4) lib/active_support/tagged_logging.rb:26:in `tagged'
activesupport (5.1.4) lib/active_support/tagged_logging.rb:69:in `tagged'
railties (5.1.4) lib/rails/rack/logger.rb:24:in `call'
sprockets-rails (3.2.1) lib/sprockets/rails/quiet_assets.rb:13:in `call'
actionpack (5.1.4) lib/action_dispatch/middleware/remote_ip.rb:79:in `call'
actionpack (5.1.4) lib/action_dispatch/middleware/request_id.rb:25:in `call'
rack (2.0.3) lib/rack/method_override.rb:22:in `call'
rack (2.0.3) lib/rack/runtime.rb:22:in `call'
activesupport (5.1.4) lib/active_support/cache/strategy/local_cache_middleware.rb:27:in `call'
actionpack (5.1.4) lib/action_dispatch/middleware/executor.rb:12:in `call'
actionpack (5.1.4) lib/action_dispatch/middleware/static.rb:125:in `call'
rack (2.0.3) lib/rack/sendfile.rb:111:in `call'
rack-cors (1.0.1) lib/rack/cors.rb:93:in `call'
railties (5.1.4) lib/rails/engine.rb:522:in `call'
puma (3.10.0) lib/puma/configuration.rb:225:in `call'
puma (3.10.0) lib/puma/server.rb:605:in `handle_request'
puma (3.10.0) lib/puma/server.rb:437:in `process_client'
puma (3.10.0) lib/puma/server.rb:301:in `block in run'
puma (3.10.0) lib/puma/thread_pool.rb:120:in `block in spawn_thread'
Started GET "/app/boot.js" for 127.0.0.1 at 2017-10-11 17:35:55 -0500
  
ActionController::RoutingError (No route matches [GET] "/app/boot.js"):
  
actionpack (5.1.4) lib/action_dispatch/middleware/debug_exceptions.rb:63:in `call'
web-console (3.5.1) lib/web_console/middleware.rb:135:in `call_app'
web-console (3.5.1) lib/web_console/middleware.rb:28:in `block in call'
web-console (3.5.1) lib/web_console/middleware.rb:18:in `catch'
web-console (3.5.1) lib/web_console/middleware.rb:18:in `call'
actionpack (5.1.4) lib/action_dispatch/middleware/show_exceptions.rb:31:in `call'
railties (5.1.4) lib/rails/rack/logger.rb:36:in `call_app'
railties (5.1.4) lib/rails/rack/logger.rb:24:in `block in call'
activesupport (5.1.4) lib/active_support/tagged_logging.rb:69:in `block in tagged'
activesupport (5.1.4) lib/active_support/tagged_logging.rb:26:in `tagged'
activesupport (5.1.4) lib/active_support/tagged_logging.rb:69:in `tagged'
railties (5.1.4) lib/rails/rack/logger.rb:24:in `call'
sprockets-rails (3.2.1) lib/sprockets/rails/quiet_assets.rb:13:in `call'
actionpack (5.1.4) lib/action_dispatch/middleware/remote_ip.rb:79:in `call'
actionpack (5.1.4) lib/action_dispatch/middleware/request_id.rb:25:in `call'
rack (2.0.3) lib/rack/method_override.rb:22:in `call'
rack (2.0.3) lib/rack/runtime.rb:22:in `call'
activesupport (5.1.4) lib/active_support/cache/strategy/local_cache_middleware.rb:27:in `call'
actionpack (5.1.4) lib/action_dispatch/middleware/executor.rb:12:in `call'
actionpack (5.1.4) lib/action_dispatch/middleware/static.rb:125:in `call'
rack (2.0.3) lib/rack/sendfile.rb:111:in `call'
rack-cors (1.0.1) lib/rack/cors.rb:93:in `call'
railties (5.1.4) lib/rails/engine.rb:522:in `call'
puma (3.10.0) lib/puma/configuration.rb:225:in `call'
puma (3.10.0) lib/puma/server.rb:605:in `handle_request'
puma (3.10.0) lib/puma/server.rb:437:in `process_client'
puma (3.10.0) lib/puma/server.rb:301:in `block in run'
puma (3.10.0) lib/puma/thread_pool.rb:120:in `block in spawn_thread'
Started GET "/app/boot.js" for 127.0.0.1 at 2017-10-11 17:35:56 -0500
  
ActionController::RoutingError (No route matches [GET] "/app/boot.js"):
  
actionpack (5.1.4) lib/action_dispatch/middleware/debug_exceptions.rb:63:in `call'
web-console (3.5.1) lib/web_console/middleware.rb:135:in `call_app'
web-console (3.5.1) lib/web_console/middleware.rb:28:in `block in call'
web-console (3.5.1) lib/web_console/middleware.rb:18:in `catch'
web-console (3.5.1) lib/web_console/middleware.rb:18:in `call'
actionpack (5.1.4) lib/action_dispatch/middleware/show_exceptions.rb:31:in `call'
railties (5.1.4) lib/rails/rack/logger.rb:36:in `call_app'
railties (5.1.4) lib/rails/rack/logger.rb:24:in `block in call'
activesupport (5.1.4) lib/active_support/tagged_logging.rb:69:in `block in tagged'
activesupport (5.1.4) lib/active_support/tagged_logging.rb:26:in `tagged'
activesupport (5.1.4) lib/active_support/tagged_logging.rb:69:in `tagged'
railties (5.1.4) lib/rails/rack/logger.rb:24:in `call'
sprockets-rails (3.2.1) lib/sprockets/rails/quiet_assets.rb:13:in `call'
actionpack (5.1.4) lib/action_dispatch/middleware/remote_ip.rb:79:in `call'
actionpack (5.1.4) lib/action_dispatch/middleware/request_id.rb:25:in `call'
rack (2.0.3) lib/rack/method_override.rb:22:in `call'
rack (2.0.3) lib/rack/runtime.rb:22:in `call'
activesupport (5.1.4) lib/active_support/cache/strategy/local_cache_middleware.rb:27:in `call'
actionpack (5.1.4) lib/action_dispatch/middleware/executor.rb:12:in `call'
actionpack (5.1.4) lib/action_dispatch/middleware/static.rb:125:in `call'
rack (2.0.3) lib/rack/sendfile.rb:111:in `call'
rack-cors (1.0.1) lib/rack/cors.rb:93:in `call'
railties (5.1.4) lib/rails/engine.rb:522:in `call'
puma (3.10.0) lib/puma/configuration.rb:225:in `call'
puma (3.10.0) lib/puma/server.rb:605:in `handle_request'
puma (3.10.0) lib/puma/server.rb:437:in `process_client'
puma (3.10.0) lib/puma/server.rb:301:in `block in run'
puma (3.10.0) lib/puma/thread_pool.rb:120:in `block in spawn_thread'
Started GET "/app/boot.js" for 127.0.0.1 at 2017-10-11 17:36:01 -0500
  
ActionController::RoutingError (No route matches [GET] "/app/boot.js"):
  
actionpack (5.1.4) lib/action_dispatch/middleware/debug_exceptions.rb:63:in `call'
web-console (3.5.1) lib/web_console/middleware.rb:135:in `call_app'
web-console (3.5.1) lib/web_console/middleware.rb:28:in `block in call'
web-console (3.5.1) lib/web_console/middleware.rb:18:in `catch'
web-console (3.5.1) lib/web_console/middleware.rb:18:in `call'
actionpack (5.1.4) lib/action_dispatch/middleware/show_exceptions.rb:31:in `call'
railties (5.1.4) lib/rails/rack/logger.rb:36:in `call_app'
railties (5.1.4) lib/rails/rack/logger.rb:24:in `block in call'
activesupport (5.1.4) lib/active_support/tagged_logging.rb:69:in `block in tagged'
activesupport (5.1.4) lib/active_support/tagged_logging.rb:26:in `tagged'
activesupport (5.1.4) lib/active_support/tagged_logging.rb:69:in `tagged'
railties (5.1.4) lib/rails/rack/logger.rb:24:in `call'
sprockets-rails (3.2.1) lib/sprockets/rails/quiet_assets.rb:13:in `call'
actionpack (5.1.4) lib/action_dispatch/middleware/remote_ip.rb:79:in `call'
actionpack (5.1.4) lib/action_dispatch/middleware/request_id.rb:25:in `call'
rack (2.0.3) lib/rack/method_override.rb:22:in `call'
rack (2.0.3) lib/rack/runtime.rb:22:in `call'
activesupport (5.1.4) lib/active_support/cache/strategy/local_cache_middleware.rb:27:in `call'
actionpack (5.1.4) lib/action_dispatch/middleware/executor.rb:12:in `call'
actionpack (5.1.4) lib/action_dispatch/middleware/static.rb:125:in `call'
rack (2.0.3) lib/rack/sendfile.rb:111:in `call'
rack-cors (1.0.1) lib/rack/cors.rb:93:in `call'
railties (5.1.4) lib/rails/engine.rb:522:in `call'
puma (3.10.0) lib/puma/configuration.rb:225:in `call'
puma (3.10.0) lib/puma/server.rb:605:in `handle_request'
puma (3.10.0) lib/puma/server.rb:437:in `process_client'
puma (3.10.0) lib/puma/server.rb:301:in `block in run'
puma (3.10.0) lib/puma/thread_pool.rb:120:in `block in spawn_thread'
Started GET "/api" for 127.0.0.1 at 2017-10-11 17:37:10 -0500
Processing by ApplicationController#index as JSON
Completed 500 Internal Server Error in 744ms


  
NoMethodError (undefined method `respod_to' for #<ApplicationController:0x00007fb5dc76c4d0>
Did you mean?  respond_to
               respond_to?):
  
app/controllers/application_controller.rb:5:in `index'
Started GET "/api" for 127.0.0.1 at 2017-10-11 17:37:28 -0500
Processing by ApplicationController#index as JSON
Completed 500 Internal Server Error in 150ms


  
NoMethodError (undefined method `respod_to' for #<ApplicationController:0x00007fb5c4014420>
Did you mean?  respond_to
               respond_to?):
  
app/controllers/application_controller.rb:5:in `index'
Started GET "/api" for 127.0.0.1 at 2017-10-11 17:38:03 -0500
Processing by ApplicationController#index as JSON
Completed 200 OK in 298ms (Views: 0.4ms)


Started GET "/app/boot.js" for 127.0.0.1 at 2017-10-11 17:38:40 -0500
  
ActionController::RoutingError (No route matches [GET] "/app/boot.js"):
  
actionpack (5.1.4) lib/action_dispatch/middleware/debug_exceptions.rb:63:in `call'
web-console (3.5.1) lib/web_console/middleware.rb:135:in `call_app'
web-console (3.5.1) lib/web_console/middleware.rb:28:in `block in call'
web-console (3.5.1) lib/web_console/middleware.rb:18:in `catch'
web-console (3.5.1) lib/web_console/middleware.rb:18:in `call'
actionpack (5.1.4) lib/action_dispatch/middleware/show_exceptions.rb:31:in `call'
railties (5.1.4) lib/rails/rack/logger.rb:36:in `call_app'
railties (5.1.4) lib/rails/rack/logger.rb:24:in `block in call'
activesupport (5.1.4) lib/active_support/tagged_logging.rb:69:in `block in tagged'
activesupport (5.1.4) lib/active_support/tagged_logging.rb:26:in `tagged'
activesupport (5.1.4) lib/active_support/tagged_logging.rb:69:in `tagged'
railties (5.1.4) lib/rails/rack/logger.rb:24:in `call'
sprockets-rails (3.2.1) lib/sprockets/rails/quiet_assets.rb:13:in `call'
actionpack (5.1.4) lib/action_dispatch/middleware/remote_ip.rb:79:in `call'
actionpack (5.1.4) lib/action_dispatch/middleware/request_id.rb:25:in `call'
rack (2.0.3) lib/rack/method_override.rb:22:in `call'
rack (2.0.3) lib/rack/runtime.rb:22:in `call'
activesupport (5.1.4) lib/active_support/cache/strategy/local_cache_middleware.rb:27:in `call'
actionpack (5.1.4) lib/action_dispatch/middleware/executor.rb:12:in `call'
actionpack (5.1.4) lib/action_dispatch/middleware/static.rb:125:in `call'
rack (2.0.3) lib/rack/sendfile.rb:111:in `call'
rack-cors (1.0.1) lib/rack/cors.rb:93:in `call'
railties (5.1.4) lib/rails/engine.rb:522:in `call'
puma (3.10.0) lib/puma/configuration.rb:225:in `call'
puma (3.10.0) lib/puma/server.rb:605:in `handle_request'
puma (3.10.0) lib/puma/server.rb:437:in `process_client'
puma (3.10.0) lib/puma/server.rb:301:in `block in run'
puma (3.10.0) lib/puma/thread_pool.rb:120:in `block in spawn_thread'
Started GET "/api" for 127.0.0.1 at 2017-10-11 17:39:26 -0500
Processing by ApplicationController#index as JSON
Completed 200 OK in 1ms (Views: 0.2ms)


Started GET "/app/boot.js" for 127.0.0.1 at 2017-10-11 17:40:40 -0500
  
ActionController::RoutingError (No route matches [GET] "/app/boot.js"):
  
actionpack (5.1.4) lib/action_dispatch/middleware/debug_exceptions.rb:63:in `call'
web-console (3.5.1) lib/web_console/middleware.rb:135:in `call_app'
web-console (3.5.1) lib/web_console/middleware.rb:28:in `block in call'
web-console (3.5.1) lib/web_console/middleware.rb:18:in `catch'
web-console (3.5.1) lib/web_console/middleware.rb:18:in `call'
actionpack (5.1.4) lib/action_dispatch/middleware/show_exceptions.rb:31:in `call'
railties (5.1.4) lib/rails/rack/logger.rb:36:in `call_app'
railties (5.1.4) lib/rails/rack/logger.rb:24:in `block in call'
activesupport (5.1.4) lib/active_support/tagged_logging.rb:69:in `block in tagged'
activesupport (5.1.4) lib/active_support/tagged_logging.rb:26:in `tagged'
activesupport (5.1.4) lib/active_support/tagged_logging.rb:69:in `tagged'
railties (5.1.4) lib/rails/rack/logger.rb:24:in `call'
sprockets-rails (3.2.1) lib/sprockets/rails/quiet_assets.rb:13:in `call'
actionpack (5.1.4) lib/action_dispatch/middleware/remote_ip.rb:79:in `call'
actionpack (5.1.4) lib/action_dispatch/middleware/request_id.rb:25:in `call'
rack (2.0.3) lib/rack/method_override.rb:22:in `call'
rack (2.0.3) lib/rack/runtime.rb:22:in `call'
activesupport (5.1.4) lib/active_support/cache/strategy/local_cache_middleware.rb:27:in `call'
actionpack (5.1.4) lib/action_dispatch/middleware/executor.rb:12:in `call'
actionpack (5.1.4) lib/action_dispatch/middleware/static.rb:125:in `call'
rack (2.0.3) lib/rack/sendfile.rb:111:in `call'
rack-cors (1.0.1) lib/rack/cors.rb:93:in `call'
railties (5.1.4) lib/rails/engine.rb:522:in `call'
puma (3.10.0) lib/puma/configuration.rb:225:in `call'
puma (3.10.0) lib/puma/server.rb:605:in `handle_request'
puma (3.10.0) lib/puma/server.rb:437:in `process_client'
puma (3.10.0) lib/puma/server.rb:301:in `block in run'
puma (3.10.0) lib/puma/thread_pool.rb:120:in `block in spawn_thread'
Started GET "/app/boot.js" for 127.0.0.1 at 2017-10-11 17:40:46 -0500
  
ActionController::RoutingError (No route matches [GET] "/app/boot.js"):
  
actionpack (5.1.4) lib/action_dispatch/middleware/debug_exceptions.rb:63:in `call'
web-console (3.5.1) lib/web_console/middleware.rb:135:in `call_app'
web-console (3.5.1) lib/web_console/middleware.rb:28:in `block in call'
web-console (3.5.1) lib/web_console/middleware.rb:18:in `catch'
web-console (3.5.1) lib/web_console/middleware.rb:18:in `call'
actionpack (5.1.4) lib/action_dispatch/middleware/show_exceptions.rb:31:in `call'
railties (5.1.4) lib/rails/rack/logger.rb:36:in `call_app'
railties (5.1.4) lib/rails/rack/logger.rb:24:in `block in call'
activesupport (5.1.4) lib/active_support/tagged_logging.rb:69:in `block in tagged'
activesupport (5.1.4) lib/active_support/tagged_logging.rb:26:in `tagged'
activesupport (5.1.4) lib/active_support/tagged_logging.rb:69:in `tagged'
railties (5.1.4) lib/rails/rack/logger.rb:24:in `call'
sprockets-rails (3.2.1) lib/sprockets/rails/quiet_assets.rb:13:in `call'
actionpack (5.1.4) lib/action_dispatch/middleware/remote_ip.rb:79:in `call'
actionpack (5.1.4) lib/action_dispatch/middleware/request_id.rb:25:in `call'
rack (2.0.3) lib/rack/method_override.rb:22:in `call'
rack (2.0.3) lib/rack/runtime.rb:22:in `call'
activesupport (5.1.4) lib/active_support/cache/strategy/local_cache_middleware.rb:27:in `call'
actionpack (5.1.4) lib/action_dispatch/middleware/executor.rb:12:in `call'
actionpack (5.1.4) lib/action_dispatch/middleware/static.rb:125:in `call'
rack (2.0.3) lib/rack/sendfile.rb:111:in `call'
rack-cors (1.0.1) lib/rack/cors.rb:93:in `call'
railties (5.1.4) lib/rails/engine.rb:522:in `call'
puma (3.10.0) lib/puma/configuration.rb:225:in `call'
puma (3.10.0) lib/puma/server.rb:605:in `handle_request'
puma (3.10.0) lib/puma/server.rb:437:in `process_client'
puma (3.10.0) lib/puma/server.rb:301:in `block in run'
puma (3.10.0) lib/puma/thread_pool.rb:120:in `block in spawn_thread'
Started GET "/api" for 127.0.0.1 at 2017-10-11 17:40:57 -0500
Processing by ApplicationController#index as JSON
Completed 200 OK in 1ms (Views: 0.3ms)


Started GET "/api" for 127.0.0.1 at 2017-10-11 17:42:54 -0500
Processing by ApplicationController#index as JSON
Completed 200 OK in 1ms (Views: 0.3ms)


Started GET "/api" for 127.0.0.1 at 2017-10-11 17:42:55 -0500
Processing by ApplicationController#index as JSON
Completed 200 OK in 1ms (Views: 0.2ms)


Started GET "/api" for 127.0.0.1 at 2017-10-11 17:42:57 -0500
Processing by ApplicationController#index as JSON
Completed 200 OK in 1ms (Views: 0.2ms)


Started GET "/app/boot.js" for 127.0.0.1 at 2017-10-11 17:43:00 -0500
  
ActionController::RoutingError (No route matches [GET] "/app/boot.js"):
  
actionpack (5.1.4) lib/action_dispatch/middleware/debug_exceptions.rb:63:in `call'
web-console (3.5.1) lib/web_console/middleware.rb:135:in `call_app'
web-console (3.5.1) lib/web_console/middleware.rb:28:in `block in call'
web-console (3.5.1) lib/web_console/middleware.rb:18:in `catch'
web-console (3.5.1) lib/web_console/middleware.rb:18:in `call'
actionpack (5.1.4) lib/action_dispatch/middleware/show_exceptions.rb:31:in `call'
railties (5.1.4) lib/rails/rack/logger.rb:36:in `call_app'
railties (5.1.4) lib/rails/rack/logger.rb:24:in `block in call'
activesupport (5.1.4) lib/active_support/tagged_logging.rb:69:in `block in tagged'
activesupport (5.1.4) lib/active_support/tagged_logging.rb:26:in `tagged'
activesupport (5.1.4) lib/active_support/tagged_logging.rb:69:in `tagged'
railties (5.1.4) lib/rails/rack/logger.rb:24:in `call'
sprockets-rails (3.2.1) lib/sprockets/rails/quiet_assets.rb:13:in `call'
actionpack (5.1.4) lib/action_dispatch/middleware/remote_ip.rb:79:in `call'
actionpack (5.1.4) lib/action_dispatch/middleware/request_id.rb:25:in `call'
rack (2.0.3) lib/rack/method_override.rb:22:in `call'
rack (2.0.3) lib/rack/runtime.rb:22:in `call'
activesupport (5.1.4) lib/active_support/cache/strategy/local_cache_middleware.rb:27:in `call'
actionpack (5.1.4) lib/action_dispatch/middleware/executor.rb:12:in `call'
actionpack (5.1.4) lib/action_dispatch/middleware/static.rb:125:in `call'
rack (2.0.3) lib/rack/sendfile.rb:111:in `call'
rack-cors (1.0.1) lib/rack/cors.rb:93:in `call'
railties (5.1.4) lib/rails/engine.rb:522:in `call'
puma (3.10.0) lib/puma/configuration.rb:225:in `call'
puma (3.10.0) lib/puma/server.rb:605:in `handle_request'
puma (3.10.0) lib/puma/server.rb:437:in `process_client'
puma (3.10.0) lib/puma/server.rb:301:in `block in run'
puma (3.10.0) lib/puma/thread_pool.rb:120:in `block in spawn_thread'
Started GET "/app/boot.js" for 127.0.0.1 at 2017-10-11 17:48:55 -0500
  
ActionController::RoutingError (No route matches [GET] "/app/boot.js"):
  
actionpack (5.1.4) lib/action_dispatch/middleware/debug_exceptions.rb:63:in `call'
web-console (3.5.1) lib/web_console/middleware.rb:135:in `call_app'
web-console (3.5.1) lib/web_console/middleware.rb:28:in `block in call'
web-console (3.5.1) lib/web_console/middleware.rb:18:in `catch'
web-console (3.5.1) lib/web_console/middleware.rb:18:in `call'
actionpack (5.1.4) lib/action_dispatch/middleware/show_exceptions.rb:31:in `call'
railties (5.1.4) lib/rails/rack/logger.rb:36:in `call_app'
railties (5.1.4) lib/rails/rack/logger.rb:24:in `block in call'
activesupport (5.1.4) lib/active_support/tagged_logging.rb:69:in `block in tagged'
activesupport (5.1.4) lib/active_support/tagged_logging.rb:26:in `tagged'
activesupport (5.1.4) lib/active_support/tagged_logging.rb:69:in `tagged'
railties (5.1.4) lib/rails/rack/logger.rb:24:in `call'
sprockets-rails (3.2.1) lib/sprockets/rails/quiet_assets.rb:13:in `call'
actionpack (5.1.4) lib/action_dispatch/middleware/remote_ip.rb:79:in `call'
actionpack (5.1.4) lib/action_dispatch/middleware/request_id.rb:25:in `call'
rack (2.0.3) lib/rack/method_override.rb:22:in `call'
rack (2.0.3) lib/rack/runtime.rb:22:in `call'
activesupport (5.1.4) lib/active_support/cache/strategy/local_cache_middleware.rb:27:in `call'
actionpack (5.1.4) lib/action_dispatch/middleware/executor.rb:12:in `call'
actionpack (5.1.4) lib/action_dispatch/middleware/static.rb:125:in `call'
rack (2.0.3) lib/rack/sendfile.rb:111:in `call'
rack-cors (1.0.1) lib/rack/cors.rb:93:in `call'
railties (5.1.4) lib/rails/engine.rb:522:in `call'
puma (3.10.0) lib/puma/configuration.rb:225:in `call'
puma (3.10.0) lib/puma/server.rb:605:in `handle_request'
puma (3.10.0) lib/puma/server.rb:437:in `process_client'
puma (3.10.0) lib/puma/server.rb:301:in `block in run'
puma (3.10.0) lib/puma/thread_pool.rb:120:in `block in spawn_thread'
Started GET "/api" for 127.0.0.1 at 2017-10-11 17:54:45 -0500
Processing by ApplicationController#index as JSON
Completed 200 OK in 311ms (Views: 0.4ms)


Started GET "/api" for 127.0.0.1 at 2017-10-11 17:55:16 -0500
Processing by ApplicationController#index as JSON
Completed 200 OK in 1ms (Views: 0.2ms)


Started GET "/api" for 127.0.0.1 at 2017-10-11 17:55:29 -0500
Processing by ApplicationController#index as JSON
Completed 200 OK in 1ms (Views: 0.2ms)


Started GET "/api" for 127.0.0.1 at 2017-10-11 17:55:30 -0500
Processing by ApplicationController#index as JSON
Completed 200 OK in 1ms (Views: 0.2ms)


Started GET "/api" for 127.0.0.1 at 2017-10-11 17:55:30 -0500
Processing by ApplicationController#index as JSON
Completed 200 OK in 1ms (Views: 0.2ms)


Started GET "/api" for 127.0.0.1 at 2017-10-11 17:55:30 -0500
Processing by ApplicationController#index as JSON
Completed 200 OK in 1ms (Views: 0.2ms)


Started GET "/api" for 127.0.0.1 at 2017-10-11 17:55:30 -0500
Processing by ApplicationController#index as JSON
Completed 200 OK in 1ms (Views: 0.4ms)


Started GET "/api" for 127.0.0.1 at 2017-10-11 17:55:30 -0500
Processing by ApplicationController#index as JSON
Completed 200 OK in 1ms (Views: 0.2ms)


Started GET "/api" for 127.0.0.1 at 2017-10-11 18:13:08 -0500
Processing by ApplicationController#index as JSON
Completed 200 OK in 1ms (Views: 0.6ms)


Started GET "/api" for 127.0.0.1 at 2017-10-11 18:13:09 -0500
Processing by ApplicationController#index as JSON
Completed 200 OK in 1ms (Views: 0.3ms)


Started GET "/api" for 127.0.0.1 at 2017-10-11 18:13:18 -0500
Processing by ApplicationController#index as JSON
Completed 200 OK in 1ms (Views: 0.2ms)


Started GET "/api" for 127.0.0.1 at 2017-10-11 18:13:21 -0500
Processing by ApplicationController#index as JSON
Completed 200 OK in 1ms (Views: 0.3ms)


Started GET "/api" for 127.0.0.1 at 2017-10-11 18:13:29 -0500
Processing by ApplicationController#index as JSON
Completed 200 OK in 1ms (Views: 0.2ms)


Started GET "/api" for 127.0.0.1 at 2017-10-11 18:13:30 -0500
Processing by ApplicationController#index as JSON
Completed 200 OK in 1ms (Views: 0.2ms)


Started GET "/api" for 127.0.0.1 at 2017-10-11 18:13:31 -0500
Processing by ApplicationController#index as JSON
Completed 200 OK in 1ms (Views: 0.3ms)


Started GET "/api" for 127.0.0.1 at 2017-10-11 18:13:31 -0500
Processing by ApplicationController#index as JSON
Completed 200 OK in 1ms (Views: 0.2ms)


Started GET "/api" for 127.0.0.1 at 2017-10-11 18:13:32 -0500
Processing by ApplicationController#index as JSON
Completed 200 OK in 1ms (Views: 0.2ms)


Started GET "/api" for 127.0.0.1 at 2017-10-11 18:13:32 -0500
Processing by ApplicationController#index as JSON
Completed 200 OK in 1ms (Views: 0.2ms)


Started GET "/api" for 127.0.0.1 at 2017-10-11 18:13:32 -0500
Processing by ApplicationController#index as JSON
Completed 200 OK in 1ms (Views: 0.2ms)


Started GET "/api" for 127.0.0.1 at 2017-10-11 18:13:38 -0500
Processing by ApplicationController#index as JSON
Completed 200 OK in 1ms (Views: 0.2ms)


Started GET "/api" for 127.0.0.1 at 2017-10-11 18:13:40 -0500
Processing by ApplicationController#index as JSON
Completed 200 OK in 1ms (Views: 0.2ms)


Started GET "/api" for 127.0.0.1 at 2017-10-11 18:13:40 -0500
Processing by ApplicationController#index as JSON
Completed 200 OK in 1ms (Views: 0.2ms)


Started GET "/api" for 127.0.0.1 at 2017-10-11 18:13:40 -0500
Processing by ApplicationController#index as JSON
Completed 200 OK in 1ms (Views: 0.2ms)


Started GET "/api" for 127.0.0.1 at 2017-10-11 18:13:40 -0500
Processing by ApplicationController#index as JSON
Completed 200 OK in 1ms (Views: 0.2ms)


Started GET "/api" for 127.0.0.1 at 2017-10-11 18:13:40 -0500
Processing by ApplicationController#index as JSON
Completed 200 OK in 1ms (Views: 0.2ms)


Started GET "/api" for 127.0.0.1 at 2017-10-11 18:13:40 -0500
Processing by ApplicationController#index as JSON
Completed 200 OK in 1ms (Views: 0.2ms)


Started GET "/api" for 127.0.0.1 at 2017-10-11 18:13:43 -0500
Processing by ApplicationController#index as JSON
Completed 200 OK in 1ms (Views: 0.2ms)


Started GET "/api" for 127.0.0.1 at 2017-10-11 18:13:48 -0500
Processing by ApplicationController#index as JSON
Completed 200 OK in 1ms (Views: 0.2ms)


Started GET "/api" for 127.0.0.1 at 2017-10-11 18:13:51 -0500
Processing by ApplicationController#index as JSON
Completed 200 OK in 1ms (Views: 0.7ms)


Started GET "/api" for 127.0.0.1 at 2017-10-11 18:13:58 -0500
Processing by ApplicationController#index as JSON
Completed 200 OK in 1ms (Views: 0.2ms)


Started GET "/api" for 127.0.0.1 at 2017-10-11 18:14:05 -0500
Processing by ApplicationController#index as JSON
Completed 200 OK in 1ms (Views: 0.2ms)


Started GET "/api" for 127.0.0.1 at 2017-10-11 18:14:10 -0500
Processing by ApplicationController#index as JSON
Completed 200 OK in 1ms (Views: 0.2ms)


Started GET "/api" for 127.0.0.1 at 2017-10-11 18:14:11 -0500
Processing by ApplicationController#index as JSON
Completed 200 OK in 1ms (Views: 0.2ms)


Started GET "/api" for 127.0.0.1 at 2017-10-11 18:14:13 -0500
Processing by ApplicationController#index as JSON
Completed 200 OK in 1ms (Views: 0.2ms)


Started GET "/api" for 127.0.0.1 at 2017-10-11 18:14:18 -0500
Processing by ApplicationController#index as JSON
Completed 200 OK in 1ms (Views: 0.2ms)


Started GET "/api" for 127.0.0.1 at 2017-10-11 18:14:22 -0500
Processing by ApplicationController#index as JSON
Completed 200 OK in 1ms (Views: 0.2ms)


Started GET "/api" for 127.0.0.1 at 2017-10-11 18:14:50 -0500
Processing by ApplicationController#index as JSON
Completed 200 OK in 1ms (Views: 0.3ms)


Started GET "/api" for 127.0.0.1 at 2017-10-11 18:14:58 -0500
Processing by ApplicationController#index as JSON
Completed 200 OK in 1ms (Views: 0.2ms)


Started GET "/api" for 127.0.0.1 at 2017-10-11 18:15:19 -0500
Processing by ApplicationController#index as JSON
Completed 200 OK in 1ms (Views: 0.2ms)


Started GET "/api" for 127.0.0.1 at 2017-10-11 18:15:35 -0500
Processing by ApplicationController#index as JSON
Completed 200 OK in 3ms (Views: 1.1ms)


Started GET "/api" for 127.0.0.1 at 2017-10-11 18:15:47 -0500
Processing by ApplicationController#index as JSON
Completed 200 OK in 1ms (Views: 0.3ms)


Started GET "/api" for 127.0.0.1 at 2017-10-11 18:16:06 -0500
Processing by ApplicationController#index as JSON
Completed 200 OK in 1ms (Views: 0.3ms)


Started GET "/api" for 127.0.0.1 at 2017-10-11 18:16:58 -0500
Processing by ApplicationController#index as JSON
Completed 200 OK in 1ms (Views: 0.3ms)


Started GET "/api" for 127.0.0.1 at 2017-10-11 19:00:11 -0500
Processing by ApplicationController#index as JSON
Completed 200 OK in 27ms (Views: 26.5ms)


Started GET "/ai" for 127.0.0.1 at 2017-10-11 19:00:55 -0500
  
ActionController::RoutingError (No route matches [GET] "/ai"):
  
actionpack (5.1.4) lib/action_dispatch/middleware/debug_exceptions.rb:63:in `call'
web-console (3.5.1) lib/web_console/middleware.rb:135:in `call_app'
web-console (3.5.1) lib/web_console/middleware.rb:28:in `block in call'
web-console (3.5.1) lib/web_console/middleware.rb:18:in `catch'
web-console (3.5.1) lib/web_console/middleware.rb:18:in `call'
actionpack (5.1.4) lib/action_dispatch/middleware/show_exceptions.rb:31:in `call'
railties (5.1.4) lib/rails/rack/logger.rb:36:in `call_app'
railties (5.1.4) lib/rails/rack/logger.rb:24:in `block in call'
activesupport (5.1.4) lib/active_support/tagged_logging.rb:69:in `block in tagged'
activesupport (5.1.4) lib/active_support/tagged_logging.rb:26:in `tagged'
activesupport (5.1.4) lib/active_support/tagged_logging.rb:69:in `tagged'
railties (5.1.4) lib/rails/rack/logger.rb:24:in `call'
sprockets-rails (3.2.1) lib/sprockets/rails/quiet_assets.rb:13:in `call'
actionpack (5.1.4) lib/action_dispatch/middleware/remote_ip.rb:79:in `call'
actionpack (5.1.4) lib/action_dispatch/middleware/request_id.rb:25:in `call'
rack (2.0.3) lib/rack/method_override.rb:22:in `call'
rack (2.0.3) lib/rack/runtime.rb:22:in `call'
activesupport (5.1.4) lib/active_support/cache/strategy/local_cache_middleware.rb:27:in `call'
actionpack (5.1.4) lib/action_dispatch/middleware/executor.rb:12:in `call'
actionpack (5.1.4) lib/action_dispatch/middleware/static.rb:125:in `call'
rack (2.0.3) lib/rack/sendfile.rb:111:in `call'
rack-cors (1.0.1) lib/rack/cors.rb:93:in `call'
railties (5.1.4) lib/rails/engine.rb:522:in `call'
puma (3.10.0) lib/puma/configuration.rb:225:in `call'
puma (3.10.0) lib/puma/server.rb:605:in `handle_request'
puma (3.10.0) lib/puma/server.rb:437:in `process_client'
puma (3.10.0) lib/puma/server.rb:301:in `block in run'
puma (3.10.0) lib/puma/thread_pool.rb:120:in `block in spawn_thread'
Started GET "/api" for 127.0.0.1 at 2017-10-11 19:00:59 -0500
Processing by ApplicationController#index as JSON
Completed 200 OK in 1ms (Views: 0.7ms)


Started GET "/api" for 127.0.0.1 at 2017-10-11 19:01:07 -0500
Processing by ApplicationController#index as JSON
Completed 200 OK in 1ms (Views: 0.2ms)


Started GET "/api" for 127.0.0.1 at 2017-10-11 20:20:39 -0500
Processing by ApplicationController#index as JSON
Completed 200 OK in 428ms (Views: 0.4ms)


Started GET "/api" for 127.0.0.1 at 2017-10-11 20:47:43 -0500
Processing by ApplicationController#index as JSON
Completed 200 OK in 1ms (Views: 0.2ms)


Started GET "/api" for 127.0.0.1 at 2017-10-18 18:14:29 -0500
Processing by ApplicationController#index as JSON
Completed 200 OK in 451ms (Views: 0.4ms)


Started GET "/api" for 127.0.0.1 at 2017-10-18 18:17:09 -0500
Processing by ApplicationController#index as JSON
Completed 200 OK in 1ms (Views: 0.3ms)


Started GET "/api" for 127.0.0.1 at 2017-10-18 18:18:14 -0500
Processing by ApplicationController#index as JSON
Completed 200 OK in 1ms (Views: 0.2ms)


Started GET "/api" for 127.0.0.1 at 2017-10-18 18:19:09 -0500
Processing by ApplicationController#index as JSON
Completed 200 OK in 211ms (Views: 0.3ms)


Started GET "/api" for 127.0.0.1 at 2017-10-18 18:19:28 -0500
Processing by ApplicationController#index as JSON
Completed 200 OK in 1ms (Views: 0.4ms)


  [1m[35m (0.2ms)[0m  [1m[34mSELECT sqlite_version(*)[0m
  [1m[35m (83.2ms)[0m  [1m[35mCREATE TABLE "schema_migrations" ("version" varchar NOT NULL PRIMARY KEY)[0m
  [1m[35m (104.2ms)[0m  [1m[35mCREATE TABLE "ar_internal_metadata" ("key" varchar NOT NULL PRIMARY KEY, "value" varchar, "created_at" datetime NOT NULL, "updated_at" datetime NOT NULL)[0m
  [1m[35m (0.3ms)[0m  [1m[34mSELECT "schema_migrations"."version" FROM "schema_migrations" ORDER BY "schema_migrations"."version" ASC[0m
Migrating to CreateDivisas (20171018232450)
  [1m[35m (0.1ms)[0m  [1m[36mbegin transaction[0m
  [1m[35m (0.6ms)[0m  [1m[35mCREATE TABLE "divisas" ("id" INTEGER PRIMARY KEY AUTOINCREMENT NOT NULL, "año" varchar, "mes" varchar, "dia" varchar, "valor" varchar, "created_at" datetime NOT NULL, "updated_at" datetime NOT NULL)[0m
  [1m[35mSQL (0.4ms)[0m  [1m[32mINSERT INTO "schema_migrations" ("version") VALUES (?)[0m  [["version", "20171018232450"]]
  [1m[35m (88.9ms)[0m  [1m[36mcommit transaction[0m
  [1m[36mActiveRecord::InternalMetadata Load (0.3ms)[0m  [1m[34mSELECT  "ar_internal_metadata".* FROM "ar_internal_metadata" WHERE "ar_internal_metadata"."key" = ? LIMIT ?[0m  [["key", "environment"], ["LIMIT", 1]]
  [1m[35m (0.1ms)[0m  [1m[36mbegin transaction[0m
  [1m[35mSQL (1.0ms)[0m  [1m[32mINSERT INTO "ar_internal_metadata" ("key", "value", "created_at", "updated_at") VALUES (?, ?, ?, ?)[0m  [["key", "environment"], ["value", "development"], ["created_at", "2017-10-18 23:25:49.720530"], ["updated_at", "2017-10-18 23:25:49.720530"]]
  [1m[35m (70.0ms)[0m  [1m[36mcommit transaction[0m
  [1m[35m (0.2ms)[0m  [1m[34mSELECT "schema_migrations"."version" FROM "schema_migrations" ORDER BY "schema_migrations"."version" ASC[0m
Started GET "/divisa" for 127.0.0.1 at 2017-10-18 18:26:48 -0500
  [1m[35m (0.4ms)[0m  [1m[34mSELECT "schema_migrations"."version" FROM "schema_migrations" ORDER BY "schema_migrations"."version" ASC[0m
  
ActionController::RoutingError (No route matches [GET] "/divisa"):
  
actionpack (5.1.4) lib/action_dispatch/middleware/debug_exceptions.rb:63:in `call'
web-console (3.5.1) lib/web_console/middleware.rb:135:in `call_app'
web-console (3.5.1) lib/web_console/middleware.rb:28:in `block in call'
web-console (3.5.1) lib/web_console/middleware.rb:18:in `catch'
web-console (3.5.1) lib/web_console/middleware.rb:18:in `call'
actionpack (5.1.4) lib/action_dispatch/middleware/show_exceptions.rb:31:in `call'
railties (5.1.4) lib/rails/rack/logger.rb:36:in `call_app'
railties (5.1.4) lib/rails/rack/logger.rb:24:in `block in call'
activesupport (5.1.4) lib/active_support/tagged_logging.rb:69:in `block in tagged'
activesupport (5.1.4) lib/active_support/tagged_logging.rb:26:in `tagged'
activesupport (5.1.4) lib/active_support/tagged_logging.rb:69:in `tagged'
railties (5.1.4) lib/rails/rack/logger.rb:24:in `call'
sprockets-rails (3.2.1) lib/sprockets/rails/quiet_assets.rb:13:in `call'
actionpack (5.1.4) lib/action_dispatch/middleware/remote_ip.rb:79:in `call'
actionpack (5.1.4) lib/action_dispatch/middleware/request_id.rb:25:in `call'
rack (2.0.3) lib/rack/method_override.rb:22:in `call'
rack (2.0.3) lib/rack/runtime.rb:22:in `call'
activesupport (5.1.4) lib/active_support/cache/strategy/local_cache_middleware.rb:27:in `call'
actionpack (5.1.4) lib/action_dispatch/middleware/executor.rb:12:in `call'
actionpack (5.1.4) lib/action_dispatch/middleware/static.rb:125:in `call'
rack (2.0.3) lib/rack/sendfile.rb:111:in `call'
rack-cors (1.0.1) lib/rack/cors.rb:93:in `call'
railties (5.1.4) lib/rails/engine.rb:522:in `call'
puma (3.10.0) lib/puma/configuration.rb:225:in `call'
puma (3.10.0) lib/puma/server.rb:605:in `handle_request'
puma (3.10.0) lib/puma/server.rb:437:in `process_client'
puma (3.10.0) lib/puma/server.rb:301:in `block in run'
puma (3.10.0) lib/puma/thread_pool.rb:120:in `block in spawn_thread'
Started GET "/divisas" for 127.0.0.1 at 2017-10-18 18:26:51 -0500
Processing by DivisasController#index as HTML
  Rendering divisas/index.html.erb within layouts/application
  [1m[36mDivisa Load (0.2ms)[0m  [1m[34mSELECT "divisas".* FROM "divisas"[0m
  Rendered divisas/index.html.erb within layouts/application (7.2ms)
Completed 200 OK in 3548ms (Views: 3507.9ms | ActiveRecord: 2.0ms)


Started GET "/divisas/new" for 127.0.0.1 at 2017-10-18 18:27:03 -0500
Processing by DivisasController#new as HTML
  Rendering divisas/new.html.erb within layouts/application
  Rendered divisas/_form.html.erb (131.4ms)
  Rendered divisas/new.html.erb within layouts/application (134.1ms)
Completed 200 OK in 195ms (Views: 174.2ms | ActiveRecord: 1.1ms)


Started GET "/divisas" for 127.0.0.1 at 2017-10-18 18:27:14 -0500
Processing by DivisasController#index as HTML
  Rendering divisas/index.html.erb within layouts/application
  [1m[36mDivisa Load (0.3ms)[0m  [1m[34mSELECT "divisas".* FROM "divisas"[0m
  Rendered divisas/index.html.erb within layouts/application (2.7ms)
Completed 200 OK in 53ms (Views: 50.4ms | ActiveRecord: 0.3ms)


  [1m[35m (0.3ms)[0m  [1m[34mSELECT "schema_migrations"."version" FROM "schema_migrations" ORDER BY "schema_migrations"."version" ASC[0m
Migrating to AddNewValuesToDivisas (20171018232846)
  [1m[35m (0.1ms)[0m  [1m[36mbegin transaction[0m
  [1m[35m (0.7ms)[0m  [1m[35mALTER TABLE "divisas" ADD "tipo" varchar[0m
  [1m[35mSQL (0.3ms)[0m  [1m[32mINSERT INTO "schema_migrations" ("version") VALUES (?)[0m  [["version", "20171018232846"]]
  [1m[35m (59.9ms)[0m  [1m[36mcommit transaction[0m
  [1m[36mActiveRecord::InternalMetadata Load (0.4ms)[0m  [1m[34mSELECT  "ar_internal_metadata".* FROM "ar_internal_metadata" WHERE "ar_internal_metadata"."key" = ? LIMIT ?[0m  [["key", "environment"], ["LIMIT", 1]]
  [1m[35m (0.1ms)[0m  [1m[36mbegin transaction[0m
  [1m[35m (0.1ms)[0m  [1m[36mcommit transaction[0m
  [1m[35m (0.2ms)[0m  [1m[34mSELECT "schema_migrations"."version" FROM "schema_migrations" ORDER BY "schema_migrations"."version" ASC[0m
Started GET "/divisas" for 127.0.0.1 at 2017-10-18 18:29:48 -0500
  [1m[35m (0.4ms)[0m  [1m[34mSELECT "schema_migrations"."version" FROM "schema_migrations" ORDER BY "schema_migrations"."version" ASC[0m
Processing by DivisasController#index as HTML
  Rendering divisas/index.html.erb within layouts/application
  [1m[36mDivisa Load (0.3ms)[0m  [1m[34mSELECT "divisas".* FROM "divisas"[0m
  Rendered divisas/index.html.erb within layouts/application (9.7ms)
Completed 200 OK in 1345ms (Views: 1322.3ms | ActiveRecord: 0.8ms)


Started GET "/divisas/new" for 127.0.0.1 at 2017-10-18 18:29:55 -0500
Processing by DivisasController#new as HTML
  Rendering divisas/new.html.erb within layouts/application
  Rendered divisas/_form.html.erb (19.9ms)
  Rendered divisas/new.html.erb within layouts/application (21.8ms)
Completed 200 OK in 76ms (Views: 49.3ms | ActiveRecord: 1.4ms)


Started GET "/divisas/new" for 127.0.0.1 at 2017-10-18 18:35:48 -0500
Processing by DivisasController#new as HTML
Started GET "/divisas/new" for 127.0.0.1 at 2017-10-18 18:35:58 -0500
  Rendering divisas/new.html.erb within layouts/application
  Rendered divisas/_form.html.erb (6.1ms)
  Rendered divisas/new.html.erb within layouts/application (8.0ms)
Completed 200 OK in 71ms (Views: 42.8ms | ActiveRecord: 5.0ms)


Processing by DivisasController#new as HTML
  Rendering divisas/new.html.erb within layouts/application
  Rendered divisas/_form.html.erb (5.7ms)
  Rendered divisas/new.html.erb within layouts/application (7.0ms)
Completed 200 OK in 78ms (Views: 50.3ms | ActiveRecord: 2.1ms)


Started POST "/divisas" for 127.0.0.1 at 2017-10-18 18:36:17 -0500
Processing by DivisasController#create as HTML
  Parameters: {"utf8"=>"✓", "authenticity_token"=>"kktgh230JWjjWBwIsmi3JHJKrEAHBTrMEPLwcfwQQ/XzfLg6M2FRd56zvxS5A3Fews3xFBEWPDWlVgF6SKpokw==", "divisa"=>{"año"=>"12", "mes"=>"1", "dia"=>"1", "valor"=>"3300", "tipo"=>"euro"}, "commit"=>"Create Divisa"}
  [1m[35m (0.1ms)[0m  [1m[36mbegin transaction[0m
  [1m[35mSQL (4.5ms)[0m  [1m[32mINSERT INTO "divisas" ("año", "mes", "dia", "valor", "created_at", "updated_at", "tipo") VALUES (?, ?, ?, ?, ?, ?, ?)[0m  [["año", "12"], ["mes", "1"], ["dia", "1"], ["valor", "3300"], ["created_at", "2017-10-18 23:36:17.715567"], ["updated_at", "2017-10-18 23:36:17.715567"], ["tipo", "euro"]]
  [1m[35m (93.5ms)[0m  [1m[36mcommit transaction[0m
Redirected to http://localhost:3000/divisas/1
Completed 302 Found in 111ms (ActiveRecord: 98.1ms)


Started GET "/divisas/1" for 127.0.0.1 at 2017-10-18 18:36:17 -0500
Processing by DivisasController#show as HTML
  Parameters: {"id"=>"1"}
  [1m[36mDivisa Load (0.4ms)[0m  [1m[34mSELECT  "divisas".* FROM "divisas" WHERE "divisas"."id" = ? LIMIT ?[0m  [["id", 1], ["LIMIT", 1]]
  Rendering divisas/show.html.erb within layouts/application
  Rendered divisas/show.html.erb within layouts/application (1.4ms)
Completed 200 OK in 62ms (Views: 29.1ms | ActiveRecord: 0.4ms)


Started GET "/divisas/1" for 127.0.0.1 at 2017-10-18 18:36:51 -0500
Processing by DivisasController#show as HTML
  Parameters: {"id"=>"1"}
  [1m[36mDivisa Load (0.2ms)[0m  [1m[34mSELECT  "divisas".* FROM "divisas" WHERE "divisas"."id" = ? LIMIT ?[0m  [["id", 1], ["LIMIT", 1]]
  Rendering divisas/show.html.erb within layouts/application
  Rendered divisas/show.html.erb within layouts/application (1.5ms)
Completed 200 OK in 37ms (Views: 34.8ms | ActiveRecord: 0.2ms)


Started GET "/divisas/1" for 127.0.0.1 at 2017-10-18 18:36:52 -0500
Processing by DivisasController#show as HTML
  Parameters: {"id"=>"1"}
  [1m[36mDivisa Load (0.2ms)[0m  [1m[34mSELECT  "divisas".* FROM "divisas" WHERE "divisas"."id" = ? LIMIT ?[0m  [["id", 1], ["LIMIT", 1]]
  Rendering divisas/show.html.erb within layouts/application
  Rendered divisas/show.html.erb within layouts/application (3.2ms)
Completed 200 OK in 40ms (Views: 37.8ms | ActiveRecord: 0.2ms)


Started GET "/divisas" for 127.0.0.1 at 2017-10-18 18:46:58 -0500
Processing by DivisasController#index as HTML
  Rendering divisas/index.html.erb within layouts/application
  [1m[36mDivisa Load (0.4ms)[0m  [1m[34mSELECT "divisas".* FROM "divisas"[0m
  Rendered divisas/index.html.erb within layouts/application (4.5ms)
Completed 200 OK in 91ms (Views: 87.8ms | ActiveRecord: 0.4ms)


Started GET "/divisas" for 127.0.0.1 at 2017-10-18 19:10:01 -0500
Processing by DivisasController#index as HTML
  Rendering divisas/index.html.erb within layouts/application
  [1m[36mDivisa Load (0.9ms)[0m  [1m[34mSELECT "divisas".* FROM "divisas"[0m
  Rendered divisas/index.html.erb within layouts/application (30.2ms)
Completed 500 Internal Server Error in 35ms (ActiveRecord: 0.9ms)


  
ActionView::Template::Error (undefined method `Tipo' for #<Divisa:0x00007f7e724879a0>
Did you mean?  tipo?
               tipo=):
    22:         <td><%= divisa.mes %></td>
    23:         <td><%= divisa.dia %></td>
    24:         <td><%= divisa.valor %></td>
    25:         <td><%= divisa.Tipo %></td>
    26:         <td><%= link_to 'Show', divisa %></td>
    27:         <td><%= link_to 'Edit', edit_divisa_path(divisa) %></td>
    28:         <td><%= link_to 'Destroy', divisa, method: :delete, data: { confirm: 'Are you sure?' } %></td>
  
app/views/divisas/index.html.erb:25:in `block in _app_views_divisas_index_html_erb___4243102357475571516_70090530015440'
app/views/divisas/index.html.erb:19:in `_app_views_divisas_index_html_erb___4243102357475571516_70090530015440'
Started GET "/divisas" for 127.0.0.1 at 2017-10-18 19:10:15 -0500
Processing by DivisasController#index as HTML
  Rendering divisas/index.html.erb within layouts/application
  [1m[36mDivisa Load (0.4ms)[0m  [1m[34mSELECT "divisas".* FROM "divisas"[0m
  Rendered divisas/index.html.erb within layouts/application (4.1ms)
Completed 200 OK in 458ms (Views: 454.8ms | ActiveRecord: 0.4ms)


Started GET "/divisas" for 127.0.0.1 at 2017-10-18 19:11:44 -0500
Processing by DivisasController#index as HTML
  Rendering divisas/index.html.erb within layouts/application
  [1m[36mDivisa Load (0.4ms)[0m  [1m[34mSELECT "divisas".* FROM "divisas"[0m
  Rendered divisas/index.html.erb within layouts/application (4.2ms)
Completed 200 OK in 80ms (Views: 76.0ms | ActiveRecord: 0.4ms)


Started GET "/divisas" for 127.0.0.1 at 2017-10-18 19:11:46 -0500
Processing by DivisasController#index as HTML
  Rendering divisas/index.html.erb within layouts/application
  [1m[36mDivisa Load (0.4ms)[0m  [1m[34mSELECT "divisas".* FROM "divisas"[0m
  Rendered divisas/index.html.erb within layouts/application (3.7ms)
Completed 200 OK in 78ms (Views: 75.4ms | ActiveRecord: 0.4ms)


Started GET "/divisas" for 127.0.0.1 at 2017-10-18 19:24:38 -0500
Processing by DivisasController#index as HTML
  Rendering divisas/index.html.erb within layouts/application
  [1m[36mDivisa Load (10.9ms)[0m  [1m[34mSELECT "divisas".* FROM "divisas"[0m
  Rendered divisas/index.html.erb within layouts/application (14.6ms)
Completed 200 OK in 296ms (Views: 279.9ms | ActiveRecord: 10.9ms)


Started GET "/divisas" for 127.0.0.1 at 2017-10-18 19:25:40 -0500
Processing by DivisasController#index as HTML
  Rendering divisas/index.html.erb within layouts/application
  [1m[36mDivisa Load (0.4ms)[0m  [1m[34mSELECT "divisas".* FROM "divisas"[0m
  Rendered divisas/index.html.erb within layouts/application (7.1ms)
Completed 200 OK in 73ms (Views: 70.4ms | ActiveRecord: 0.4ms)


Started GET "/divisas" for 127.0.0.1 at 2017-10-18 19:25:41 -0500
Processing by DivisasController#index as HTML
  Rendering divisas/index.html.erb within layouts/application
  [1m[36mDivisa Load (0.3ms)[0m  [1m[34mSELECT "divisas".* FROM "divisas"[0m
  Rendered divisas/index.html.erb within layouts/application (2.6ms)
Completed 200 OK in 53ms (Views: 51.6ms | ActiveRecord: 0.3ms)


Started GET "/divisas" for 127.0.0.1 at 2017-10-18 19:28:56 -0500
Processing by DivisasController#index as HTML
  Rendering divisas/index.html.erb within layouts/application
  [1m[36mDivisa Load (0.4ms)[0m  [1m[34mSELECT "divisas".* FROM "divisas"[0m
  Rendered divisas/index.html.erb within layouts/application (8.5ms)
Completed 200 OK in 92ms (Views: 89.2ms | ActiveRecord: 0.4ms)


Started GET "/divisas" for 127.0.0.1 at 2017-10-18 19:36:31 -0500
Processing by DivisasController#index as HTML
  Rendering divisas/index.html.erb within layouts/application
  [1m[36mDivisa Load (0.5ms)[0m  [1m[34mSELECT "divisas".* FROM "divisas"[0m
  Rendered divisas/index.html.erb within layouts/application (3.4ms)
Completed 200 OK in 72ms (Views: 69.5ms | ActiveRecord: 0.5ms)


Started GET "/divisas" for 127.0.0.1 at 2017-10-18 19:39:16 -0500
Processing by DivisasController#index as HTML
  Rendering divisas/index.html.erb within layouts/application
  [1m[36mDivisa Load (0.4ms)[0m  [1m[34mSELECT "divisas".* FROM "divisas"[0m
  Rendered divisas/index.html.erb within layouts/application (6.8ms)
Completed 200 OK in 86ms (Views: 83.9ms | ActiveRecord: 0.4ms)


Started GET "/site/js/jquery.js" for 127.0.0.1 at 2017-10-18 19:39:16 -0500
  
ActionController::RoutingError (No route matches [GET] "/site/js/jquery.js"):
  
actionpack (5.1.4) lib/action_dispatch/middleware/debug_exceptions.rb:63:in `call'
web-console (3.5.1) lib/web_console/middleware.rb:135:in `call_app'
web-console (3.5.1) lib/web_console/middleware.rb:28:in `block in call'
web-console (3.5.1) lib/web_console/middleware.rb:18:in `catch'
web-console (3.5.1) lib/web_console/middleware.rb:18:in `call'
actionpack (5.1.4) lib/action_dispatch/middleware/show_exceptions.rb:31:in `call'
railties (5.1.4) lib/rails/rack/logger.rb:36:in `call_app'
railties (5.1.4) lib/rails/rack/logger.rb:24:in `block in call'
activesupport (5.1.4) lib/active_support/tagged_logging.rb:69:in `block in tagged'
activesupport (5.1.4) lib/active_support/tagged_logging.rb:26:in `tagged'
activesupport (5.1.4) lib/active_support/tagged_logging.rb:69:in `tagged'
railties (5.1.4) lib/rails/rack/logger.rb:24:in `call'
sprockets-rails (3.2.1) lib/sprockets/rails/quiet_assets.rb:13:in `call'
actionpack (5.1.4) lib/action_dispatch/middleware/remote_ip.rb:79:in `call'
actionpack (5.1.4) lib/action_dispatch/middleware/request_id.rb:25:in `call'
rack (2.0.3) lib/rack/method_override.rb:22:in `call'
rack (2.0.3) lib/rack/runtime.rb:22:in `call'
activesupport (5.1.4) lib/active_support/cache/strategy/local_cache_middleware.rb:27:in `call'
actionpack (5.1.4) lib/action_dispatch/middleware/executor.rb:12:in `call'
actionpack (5.1.4) lib/action_dispatch/middleware/static.rb:125:in `call'
rack (2.0.3) lib/rack/sendfile.rb:111:in `call'
rack-cors (1.0.1) lib/rack/cors.rb:93:in `call'
railties (5.1.4) lib/rails/engine.rb:522:in `call'
puma (3.10.0) lib/puma/configuration.rb:225:in `call'
puma (3.10.0) lib/puma/server.rb:605:in `handle_request'
puma (3.10.0) lib/puma/server.rb:437:in `process_client'
puma (3.10.0) lib/puma/server.rb:301:in `block in run'
puma (3.10.0) lib/puma/thread_pool.rb:120:in `block in spawn_thread'
Started GET "/site/js/jquery-ui.js" for 127.0.0.1 at 2017-10-18 19:39:16 -0500
Started GET "/site/js/bootstrap.min.js" for 127.0.0.1 at 2017-10-18 19:39:16 -0500
Started GET "/site/js/revolution.min.js" for 127.0.0.1 at 2017-10-18 19:39:16 -0500
Started GET "/site/js/jquery.fancybox.pack.js" for 127.0.0.1 at 2017-10-18 19:39:16 -0500
  
  
  
ActionController::RoutingError (No route matches [GET] "/site/js/revolution.min.js"):
ActionController::RoutingError (No route matches [GET] "/site/js/jquery-ui.js"):
  
ActionController::RoutingError (No route matches [GET] "/site/js/jquery.fancybox.pack.js"):
  
actionpack (5.1.4) lib/action_dispatch/middleware/debug_exceptions.rb:63:in `call'
web-console (3.5.1) lib/web_console/middleware.rb:135:in `call_app'
web-console (3.5.1) lib/web_console/middleware.rb:28:in `block in call'
web-console (3.5.1) lib/web_console/middleware.rb:18:in `catch'
web-console (3.5.1) lib/web_console/middleware.rb:18:in `call'
actionpack (5.1.4) lib/action_dispatch/middleware/show_exceptions.rb:31:in `call'
railties (5.1.4) lib/rails/rack/logger.rb:36:in `call_app'
railties (5.1.4) lib/rails/rack/logger.rb:24:in `block in call'
activesupport (5.1.4) lib/active_support/tagged_logging.rb:69:in `block in tagged'
activesupport (5.1.4) lib/active_support/tagged_logging.rb:26:in `tagged'
activesupport (5.1.4) lib/active_support/tagged_logging.rb:69:in `tagged'
railties (5.1.4) lib/rails/rack/logger.rb:24:in `call'
sprockets-rails (3.2.1) lib/sprockets/rails/quiet_assets.rb:13:in `call'
actionpack (5.1.4) lib/action_dispatch/middleware/remote_ip.rb:79:in `call'
actionpack (5.1.4) lib/action_dispatch/middleware/request_id.rb:25:in `call'
rack (2.0.3) lib/rack/method_override.rb:22:in `call'
rack (2.0.3) lib/rack/runtime.rb:22:in `call'
activesupport (5.1.4) lib/active_support/cache/strategy/local_cache_middleware.rb:27:in `call'
actionpack (5.1.4) lib/action_dispatch/middleware/executor.rb:12:in `call'
actionpack (5.1.4) lib/action_dispatch/middleware/static.rb:125:in `call'
rack (2.0.3) lib/rack/sendfile.rb:111:in `call'
rack-cors (1.0.1) lib/rack/cors.rb:93:in `call'
railties (5.1.4) lib/rails/engine.rb:522:in `call'
puma (3.10.0) lib/puma/configuration.rb:225:in `call'
puma (3.10.0) lib/puma/server.rb:605:in `handle_request'
puma (3.10.0) lib/puma/server.rb:437:in `process_client'
puma (3.10.0) lib/puma/server.rb:301:in `block in run'
puma (3.10.0) lib/puma/thread_pool.rb:120:in `block in spawn_thread'
ActionController::RoutingError (No route matches [GET] "/site/js/bootstrap.min.js"):
  
  
  
actionpack (5.1.4) lib/action_dispatch/middleware/debug_exceptions.rb:63:in `call'
web-console (3.5.1) lib/web_console/middleware.rb:135:in `call_app'
web-console (3.5.1) lib/web_console/middleware.rb:28:in `block in call'
web-console (3.5.1) lib/web_console/middleware.rb:18:in `catch'
web-console (3.5.1) lib/web_console/middleware.rb:18:in `call'
actionpack (5.1.4) lib/action_dispatch/middleware/show_exceptions.rb:31:in `call'
railties (5.1.4) lib/rails/rack/logger.rb:36:in `call_app'
railties (5.1.4) lib/rails/rack/logger.rb:24:in `block in call'
activesupport (5.1.4) lib/active_support/tagged_logging.rb:69:in `block in tagged'
activesupport (5.1.4) lib/active_support/tagged_logging.rb:26:in `tagged'
activesupport (5.1.4) lib/active_support/tagged_logging.rb:69:in `tagged'
railties (5.1.4) lib/rails/rack/logger.rb:24:in `call'
sprockets-rails (3.2.1) lib/sprockets/rails/quiet_assets.rb:13:in `call'
actionpack (5.1.4) lib/action_dispatch/middleware/remote_ip.rb:79:in `call'
actionpack (5.1.4) lib/action_dispatch/middleware/request_id.rb:25:in `call'
rack (2.0.3) lib/rack/method_override.rb:22:in `call'
rack (2.0.3) lib/rack/runtime.rb:22:in `call'
activesupport (5.1.4) lib/active_support/cache/strategy/local_cache_middleware.rb:27:in `call'
actionpack (5.1.4) lib/action_dispatch/middleware/executor.rb:12:in `call'
actionpack (5.1.4) lib/action_dispatch/middleware/static.rb:125:in `call'
rack (2.0.3) lib/rack/sendfile.rb:111:in `call'
rack-cors (1.0.1) lib/rack/cors.rb:93:in `call'
railties (5.1.4) lib/rails/engine.rb:522:in `call'
puma (3.10.0) lib/puma/configuration.rb:225:in `call'
puma (3.10.0) lib/puma/server.rb:605:in `handle_request'
puma (3.10.0) lib/puma/server.rb:437:in `process_client'
puma (3.10.0) lib/puma/server.rb:301:in `block in run'
puma (3.10.0) lib/puma/thread_pool.rb:120:in `block in spawn_thread'
actionpack (5.1.4) lib/action_dispatch/middleware/debug_exceptions.rb:63:in `call'
web-console (3.5.1) lib/web_console/middleware.rb:135:in `call_app'
web-console (3.5.1) lib/web_console/middleware.rb:28:in `block in call'
web-console (3.5.1) lib/web_console/middleware.rb:18:in `catch'
web-console (3.5.1) lib/web_console/middleware.rb:18:in `call'
actionpack (5.1.4) lib/action_dispatch/middleware/show_exceptions.rb:31:in `call'
railties (5.1.4) lib/rails/rack/logger.rb:36:in `call_app'
railties (5.1.4) lib/rails/rack/logger.rb:24:in `block in call'
activesupport (5.1.4) lib/active_support/tagged_logging.rb:69:in `block in tagged'
activesupport (5.1.4) lib/active_support/tagged_logging.rb:26:in `tagged'
activesupport (5.1.4) lib/active_support/tagged_logging.rb:69:in `tagged'
railties (5.1.4) lib/rails/rack/logger.rb:24:in `call'
sprockets-rails (3.2.1) lib/sprockets/rails/quiet_assets.rb:13:in `call'
actionpack (5.1.4) lib/action_dispatch/middleware/remote_ip.rb:79:in `call'
actionpack (5.1.4) lib/action_dispatch/middleware/request_id.rb:25:in `call'
rack (2.0.3) lib/rack/method_override.rb:22:in `call'
rack (2.0.3) lib/rack/runtime.rb:22:in `call'
activesupport (5.1.4) lib/active_support/cache/strategy/local_cache_middleware.rb:27:in `call'
actionpack (5.1.4) lib/action_dispatch/middleware/executor.rb:12:in `call'
actionpack (5.1.4) lib/action_dispatch/middleware/static.rb:125:in `call'
rack (2.0.3) lib/rack/sendfile.rb:111:in `call'
rack-cors (1.0.1) lib/rack/cors.rb:93:in `call'
railties (5.1.4) lib/rails/engine.rb:522:in `call'
puma (3.10.0) lib/puma/configuration.rb:225:in `call'
puma (3.10.0) lib/puma/server.rb:605:in `handle_request'
puma (3.10.0) lib/puma/server.rb:437:in `process_client'
puma (3.10.0) lib/puma/server.rb:301:in `block in run'
puma (3.10.0) lib/puma/thread_pool.rb:120:in `block in spawn_thread'
actionpack (5.1.4) lib/action_dispatch/middleware/debug_exceptions.rb:63:in `call'
web-console (3.5.1) lib/web_console/middleware.rb:135:in `call_app'
web-console (3.5.1) lib/web_console/middleware.rb:28:in `block in call'
web-console (3.5.1) lib/web_console/middleware.rb:18:in `catch'
web-console (3.5.1) lib/web_console/middleware.rb:18:in `call'
actionpack (5.1.4) lib/action_dispatch/middleware/show_exceptions.rb:31:in `call'
railties (5.1.4) lib/rails/rack/logger.rb:36:in `call_app'
railties (5.1.4) lib/rails/rack/logger.rb:24:in `block in call'
activesupport (5.1.4) lib/active_support/tagged_logging.rb:69:in `block in tagged'
activesupport (5.1.4) lib/active_support/tagged_logging.rb:26:in `tagged'
activesupport (5.1.4) lib/active_support/tagged_logging.rb:69:in `tagged'
railties (5.1.4) lib/rails/rack/logger.rb:24:in `call'
sprockets-rails (3.2.1) lib/sprockets/rails/quiet_assets.rb:13:in `call'
actionpack (5.1.4) lib/action_dispatch/middleware/remote_ip.rb:79:in `call'
actionpack (5.1.4) lib/action_dispatch/middleware/request_id.rb:25:in `call'
rack (2.0.3) lib/rack/method_override.rb:22:in `call'
rack (2.0.3) lib/rack/runtime.rb:22:in `call'
activesupport (5.1.4) lib/active_support/cache/strategy/local_cache_middleware.rb:27:in `call'
actionpack (5.1.4) lib/action_dispatch/middleware/executor.rb:12:in `call'
actionpack (5.1.4) lib/action_dispatch/middleware/static.rb:125:in `call'
rack (2.0.3) lib/rack/sendfile.rb:111:in `call'
rack-cors (1.0.1) lib/rack/cors.rb:93:in `call'
railties (5.1.4) lib/rails/engine.rb:522:in `call'
puma (3.10.0) lib/puma/configuration.rb:225:in `call'
puma (3.10.0) lib/puma/server.rb:605:in `handle_request'
puma (3.10.0) lib/puma/server.rb:437:in `process_client'
puma (3.10.0) lib/puma/server.rb:301:in `block in run'
puma (3.10.0) lib/puma/thread_pool.rb:120:in `block in spawn_thread'
Started GET "/site/js/owl.js" for 127.0.0.1 at 2017-10-18 19:39:17 -0500
  
Started GET "/site/js/appear.js" for 127.0.0.1 at 2017-10-18 19:39:17 -0500
ActionController::RoutingError (No route matches [GET] "/site/js/owl.js"):
  
actionpack (5.1.4) lib/action_dispatch/middleware/debug_exceptions.rb:63:in `call'
web-console (3.5.1) lib/web_console/middleware.rb:135:in `call_app'
web-console (3.5.1) lib/web_console/middleware.rb:28:in `block in call'
web-console (3.5.1) lib/web_console/middleware.rb:18:in `catch'
web-console (3.5.1) lib/web_console/middleware.rb:18:in `call'
actionpack (5.1.4) lib/action_dispatch/middleware/show_exceptions.rb:31:in `call'
railties (5.1.4) lib/rails/rack/logger.rb:36:in `call_app'
railties (5.1.4) lib/rails/rack/logger.rb:24:in `block in call'
activesupport (5.1.4) lib/active_support/tagged_logging.rb:69:in `block in tagged'
activesupport (5.1.4) lib/active_support/tagged_logging.rb:26:in `tagged'
activesupport (5.1.4) lib/active_support/tagged_logging.rb:69:in `tagged'
railties (5.1.4) lib/rails/rack/logger.rb:24:in `call'
sprockets-rails (3.2.1) lib/sprockets/rails/quiet_assets.rb:13:in `call'
actionpack (5.1.4) lib/action_dispatch/middleware/remote_ip.rb:79:in `call'
actionpack (5.1.4) lib/action_dispatch/middleware/request_id.rb:25:in `call'
rack (2.0.3) lib/rack/method_override.rb:22:in `call'
rack (2.0.3) lib/rack/runtime.rb:22:in `call'
activesupport (5.1.4) lib/active_support/cache/strategy/local_cache_middleware.rb:27:in `call'
actionpack (5.1.4) lib/action_dispatch/middleware/executor.rb:12:in `call'
actionpack (5.1.4) lib/action_dispatch/middleware/static.rb:125:in `call'
rack (2.0.3) lib/rack/sendfile.rb:111:in `call'
rack-cors (1.0.1) lib/rack/cors.rb:93:in `call'
railties (5.1.4) lib/rails/engine.rb:522:in `call'
puma (3.10.0) lib/puma/configuration.rb:225:in `call'
puma (3.10.0) lib/puma/server.rb:605:in `handle_request'
puma (3.10.0) lib/puma/server.rb:437:in `process_client'
puma (3.10.0) lib/puma/server.rb:301:in `block in run'
puma (3.10.0) lib/puma/thread_pool.rb:120:in `block in spawn_thread'
Started GET "/site/js/script.js" for 127.0.0.1 at 2017-10-18 19:39:17 -0500
  
Started GET "/site/js/jquery.fancybox-media.js" for 127.0.0.1 at 2017-10-18 19:39:17 -0500
ActionController::RoutingError (No route matches [GET] "/site/js/appear.js"):
  
  
  
ActionController::RoutingError (No route matches [GET] "/site/js/jquery.fancybox-media.js"):
ActionController::RoutingError (No route matches [GET] "/site/js/script.js"):
actionpack (5.1.4) lib/action_dispatch/middleware/debug_exceptions.rb:63:in `call'
web-console (3.5.1) lib/web_console/middleware.rb:135:in `call_app'
web-console (3.5.1) lib/web_console/middleware.rb:28:in `block in call'
web-console (3.5.1) lib/web_console/middleware.rb:18:in `catch'
web-console (3.5.1) lib/web_console/middleware.rb:18:in `call'
actionpack (5.1.4) lib/action_dispatch/middleware/show_exceptions.rb:31:in `call'
railties (5.1.4) lib/rails/rack/logger.rb:36:in `call_app'
railties (5.1.4) lib/rails/rack/logger.rb:24:in `block in call'
activesupport (5.1.4) lib/active_support/tagged_logging.rb:69:in `block in tagged'
activesupport (5.1.4) lib/active_support/tagged_logging.rb:26:in `tagged'
activesupport (5.1.4) lib/active_support/tagged_logging.rb:69:in `tagged'
railties (5.1.4) lib/rails/rack/logger.rb:24:in `call'
sprockets-rails (3.2.1) lib/sprockets/rails/quiet_assets.rb:13:in `call'
actionpack (5.1.4) lib/action_dispatch/middleware/remote_ip.rb:79:in `call'
actionpack (5.1.4) lib/action_dispatch/middleware/request_id.rb:25:in `call'
rack (2.0.3) lib/rack/method_override.rb:22:in `call'
rack (2.0.3) lib/rack/runtime.rb:22:in `call'
activesupport (5.1.4) lib/active_support/cache/strategy/local_cache_middleware.rb:27:in `call'
actionpack (5.1.4) lib/action_dispatch/middleware/executor.rb:12:in `call'
actionpack (5.1.4) lib/action_dispatch/middleware/static.rb:125:in `call'
rack (2.0.3) lib/rack/sendfile.rb:111:in `call'
rack-cors (1.0.1) lib/rack/cors.rb:93:in `call'
railties (5.1.4) lib/rails/engine.rb:522:in `call'
puma (3.10.0) lib/puma/configuration.rb:225:in `call'
puma (3.10.0) lib/puma/server.rb:605:in `handle_request'
puma (3.10.0) lib/puma/server.rb:437:in `process_client'
puma (3.10.0) lib/puma/server.rb:301:in `block in run'
puma (3.10.0) lib/puma/thread_pool.rb:120:in `block in spawn_thread'
  
  
actionpack (5.1.4) lib/action_dispatch/middleware/debug_exceptions.rb:63:in `call'
web-console (3.5.1) lib/web_console/middleware.rb:135:in `call_app'
web-console (3.5.1) lib/web_console/middleware.rb:28:in `block in call'
web-console (3.5.1) lib/web_console/middleware.rb:18:in `catch'
web-console (3.5.1) lib/web_console/middleware.rb:18:in `call'
actionpack (5.1.4) lib/action_dispatch/middleware/show_exceptions.rb:31:in `call'
railties (5.1.4) lib/rails/rack/logger.rb:36:in `call_app'
railties (5.1.4) lib/rails/rack/logger.rb:24:in `block in call'
activesupport (5.1.4) lib/active_support/tagged_logging.rb:69:in `block in tagged'
activesupport (5.1.4) lib/active_support/tagged_logging.rb:26:in `tagged'
activesupport (5.1.4) lib/active_support/tagged_logging.rb:69:in `tagged'
railties (5.1.4) lib/rails/rack/logger.rb:24:in `call'
sprockets-rails (3.2.1) lib/sprockets/rails/quiet_assets.rb:13:in `call'
actionpack (5.1.4) lib/action_dispatch/middleware/remote_ip.rb:79:in `call'
actionpack (5.1.4) lib/action_dispatch/middleware/request_id.rb:25:in `call'
rack (2.0.3) lib/rack/method_override.rb:22:in `call'
rack (2.0.3) lib/rack/runtime.rb:22:in `call'
activesupport (5.1.4) lib/active_support/cache/strategy/local_cache_middleware.rb:27:in `call'
actionpack (5.1.4) lib/action_dispatch/middleware/executor.rb:12:in `call'
actionpack (5.1.4) lib/action_dispatch/middleware/static.rb:125:in `call'
rack (2.0.3) lib/rack/sendfile.rb:111:in `call'
rack-cors (1.0.1) lib/rack/cors.rb:93:in `call'
railties (5.1.4) lib/rails/engine.rb:522:in `call'
puma (3.10.0) lib/puma/configuration.rb:225:in `call'
puma (3.10.0) lib/puma/server.rb:605:in `handle_request'
puma (3.10.0) lib/puma/server.rb:437:in `process_client'
puma (3.10.0) lib/puma/server.rb:301:in `block in run'
puma (3.10.0) lib/puma/thread_pool.rb:120:in `block in spawn_thread'
actionpack (5.1.4) lib/action_dispatch/middleware/debug_exceptions.rb:63:in `call'
web-console (3.5.1) lib/web_console/middleware.rb:135:in `call_app'
web-console (3.5.1) lib/web_console/middleware.rb:28:in `block in call'
web-console (3.5.1) lib/web_console/middleware.rb:18:in `catch'
web-console (3.5.1) lib/web_console/middleware.rb:18:in `call'
actionpack (5.1.4) lib/action_dispatch/middleware/show_exceptions.rb:31:in `call'
railties (5.1.4) lib/rails/rack/logger.rb:36:in `call_app'
railties (5.1.4) lib/rails/rack/logger.rb:24:in `block in call'
activesupport (5.1.4) lib/active_support/tagged_logging.rb:69:in `block in tagged'
activesupport (5.1.4) lib/active_support/tagged_logging.rb:26:in `tagged'
activesupport (5.1.4) lib/active_support/tagged_logging.rb:69:in `tagged'
railties (5.1.4) lib/rails/rack/logger.rb:24:in `call'
sprockets-rails (3.2.1) lib/sprockets/rails/quiet_assets.rb:13:in `call'
actionpack (5.1.4) lib/action_dispatch/middleware/remote_ip.rb:79:in `call'
actionpack (5.1.4) lib/action_dispatch/middleware/request_id.rb:25:in `call'
rack (2.0.3) lib/rack/method_override.rb:22:in `call'
rack (2.0.3) lib/rack/runtime.rb:22:in `call'
activesupport (5.1.4) lib/active_support/cache/strategy/local_cache_middleware.rb:27:in `call'
actionpack (5.1.4) lib/action_dispatch/middleware/executor.rb:12:in `call'
actionpack (5.1.4) lib/action_dispatch/middleware/static.rb:125:in `call'
rack (2.0.3) lib/rack/sendfile.rb:111:in `call'
rack-cors (1.0.1) lib/rack/cors.rb:93:in `call'
railties (5.1.4) lib/rails/engine.rb:522:in `call'
puma (3.10.0) lib/puma/configuration.rb:225:in `call'
puma (3.10.0) lib/puma/server.rb:605:in `handle_request'
puma (3.10.0) lib/puma/server.rb:437:in `process_client'
puma (3.10.0) lib/puma/server.rb:301:in `block in run'
puma (3.10.0) lib/puma/thread_pool.rb:120:in `block in spawn_thread'
Started GET "/site/js/wow.js" for 127.0.0.1 at 2017-10-18 19:39:17 -0500
  
ActionController::RoutingError (No route matches [GET] "/site/js/wow.js"):
  
actionpack (5.1.4) lib/action_dispatch/middleware/debug_exceptions.rb:63:in `call'
web-console (3.5.1) lib/web_console/middleware.rb:135:in `call_app'
web-console (3.5.1) lib/web_console/middleware.rb:28:in `block in call'
web-console (3.5.1) lib/web_console/middleware.rb:18:in `catch'
web-console (3.5.1) lib/web_console/middleware.rb:18:in `call'
actionpack (5.1.4) lib/action_dispatch/middleware/show_exceptions.rb:31:in `call'
railties (5.1.4) lib/rails/rack/logger.rb:36:in `call_app'
railties (5.1.4) lib/rails/rack/logger.rb:24:in `block in call'
activesupport (5.1.4) lib/active_support/tagged_logging.rb:69:in `block in tagged'
activesupport (5.1.4) lib/active_support/tagged_logging.rb:26:in `tagged'
activesupport (5.1.4) lib/active_support/tagged_logging.rb:69:in `tagged'
railties (5.1.4) lib/rails/rack/logger.rb:24:in `call'
sprockets-rails (3.2.1) lib/sprockets/rails/quiet_assets.rb:13:in `call'
actionpack (5.1.4) lib/action_dispatch/middleware/remote_ip.rb:79:in `call'
actionpack (5.1.4) lib/action_dispatch/middleware/request_id.rb:25:in `call'
rack (2.0.3) lib/rack/method_override.rb:22:in `call'
rack (2.0.3) lib/rack/runtime.rb:22:in `call'
activesupport (5.1.4) lib/active_support/cache/strategy/local_cache_middleware.rb:27:in `call'
actionpack (5.1.4) lib/action_dispatch/middleware/executor.rb:12:in `call'
actionpack (5.1.4) lib/action_dispatch/middleware/static.rb:125:in `call'
rack (2.0.3) lib/rack/sendfile.rb:111:in `call'
rack-cors (1.0.1) lib/rack/cors.rb:93:in `call'
railties (5.1.4) lib/rails/engine.rb:522:in `call'
puma (3.10.0) lib/puma/configuration.rb:225:in `call'
puma (3.10.0) lib/puma/server.rb:605:in `handle_request'
puma (3.10.0) lib/puma/server.rb:437:in `process_client'
puma (3.10.0) lib/puma/server.rb:301:in `block in run'
puma (3.10.0) lib/puma/thread_pool.rb:120:in `block in spawn_thread'
Started GET "/site/js/revolution.min.js" for 127.0.0.1 at 2017-10-18 19:39:18 -0500
  
ActionController::RoutingError (No route matches [GET] "/site/js/revolution.min.js"):
  
actionpack (5.1.4) lib/action_dispatch/middleware/debug_exceptions.rb:63:in `call'
web-console (3.5.1) lib/web_console/middleware.rb:135:in `call_app'
web-console (3.5.1) lib/web_console/middleware.rb:28:in `block in call'
web-console (3.5.1) lib/web_console/middleware.rb:18:in `catch'
web-console (3.5.1) lib/web_console/middleware.rb:18:in `call'
actionpack (5.1.4) lib/action_dispatch/middleware/show_exceptions.rb:31:in `call'
railties (5.1.4) lib/rails/rack/logger.rb:36:in `call_app'
railties (5.1.4) lib/rails/rack/logger.rb:24:in `block in call'
activesupport (5.1.4) lib/active_support/tagged_logging.rb:69:in `block in tagged'
activesupport (5.1.4) lib/active_support/tagged_logging.rb:26:in `tagged'
activesupport (5.1.4) lib/active_support/tagged_logging.rb:69:in `tagged'
railties (5.1.4) lib/rails/rack/logger.rb:24:in `call'
sprockets-rails (3.2.1) lib/sprockets/rails/quiet_assets.rb:13:in `call'
actionpack (5.1.4) lib/action_dispatch/middleware/remote_ip.rb:79:in `call'
actionpack (5.1.4) lib/action_dispatch/middleware/request_id.rb:25:in `call'
rack (2.0.3) lib/rack/method_override.rb:22:in `call'
rack (2.0.3) lib/rack/runtime.rb:22:in `call'
activesupport (5.1.4) lib/active_support/cache/strategy/local_cache_middleware.rb:27:in `call'
actionpack (5.1.4) lib/action_dispatch/middleware/executor.rb:12:in `call'
actionpack (5.1.4) lib/action_dispatch/middleware/static.rb:125:in `call'
rack (2.0.3) lib/rack/sendfile.rb:111:in `call'
rack-cors (1.0.1) lib/rack/cors.rb:93:in `call'
railties (5.1.4) lib/rails/engine.rb:522:in `call'
puma (3.10.0) lib/puma/configuration.rb:225:in `call'
puma (3.10.0) lib/puma/server.rb:605:in `handle_request'
puma (3.10.0) lib/puma/server.rb:437:in `process_client'
puma (3.10.0) lib/puma/server.rb:301:in `block in run'
puma (3.10.0) lib/puma/thread_pool.rb:120:in `block in spawn_thread'
Started GET "/site/js/jquery.fancybox.pack.js" for 127.0.0.1 at 2017-10-18 19:39:18 -0500
  
ActionController::RoutingError (No route matches [GET] "/site/js/jquery.fancybox.pack.js"):
  
actionpack (5.1.4) lib/action_dispatch/middleware/debug_exceptions.rb:63:in `call'
web-console (3.5.1) lib/web_console/middleware.rb:135:in `call_app'
web-console (3.5.1) lib/web_console/middleware.rb:28:in `block in call'
web-console (3.5.1) lib/web_console/middleware.rb:18:in `catch'
web-console (3.5.1) lib/web_console/middleware.rb:18:in `call'
actionpack (5.1.4) lib/action_dispatch/middleware/show_exceptions.rb:31:in `call'
railties (5.1.4) lib/rails/rack/logger.rb:36:in `call_app'
railties (5.1.4) lib/rails/rack/logger.rb:24:in `block in call'
activesupport (5.1.4) lib/active_support/tagged_logging.rb:69:in `block in tagged'
activesupport (5.1.4) lib/active_support/tagged_logging.rb:26:in `tagged'
activesupport (5.1.4) lib/active_support/tagged_logging.rb:69:in `tagged'
railties (5.1.4) lib/rails/rack/logger.rb:24:in `call'
sprockets-rails (3.2.1) lib/sprockets/rails/quiet_assets.rb:13:in `call'
actionpack (5.1.4) lib/action_dispatch/middleware/remote_ip.rb:79:in `call'
actionpack (5.1.4) lib/action_dispatch/middleware/request_id.rb:25:in `call'
rack (2.0.3) lib/rack/method_override.rb:22:in `call'
rack (2.0.3) lib/rack/runtime.rb:22:in `call'
activesupport (5.1.4) lib/active_support/cache/strategy/local_cache_middleware.rb:27:in `call'
actionpack (5.1.4) lib/action_dispatch/middleware/executor.rb:12:in `call'
actionpack (5.1.4) lib/action_dispatch/middleware/static.rb:125:in `call'
rack (2.0.3) lib/rack/sendfile.rb:111:in `call'
rack-cors (1.0.1) lib/rack/cors.rb:93:in `call'
railties (5.1.4) lib/rails/engine.rb:522:in `call'
puma (3.10.0) lib/puma/configuration.rb:225:in `call'
puma (3.10.0) lib/puma/server.rb:605:in `handle_request'
puma (3.10.0) lib/puma/server.rb:437:in `process_client'
puma (3.10.0) lib/puma/server.rb:301:in `block in run'
puma (3.10.0) lib/puma/thread_pool.rb:120:in `block in spawn_thread'
Started GET "/site/js/jquery.fancybox-media.js" for 127.0.0.1 at 2017-10-18 19:39:18 -0500
  
ActionController::RoutingError (No route matches [GET] "/site/js/jquery.fancybox-media.js"):
  
actionpack (5.1.4) lib/action_dispatch/middleware/debug_exceptions.rb:63:in `call'
web-console (3.5.1) lib/web_console/middleware.rb:135:in `call_app'
web-console (3.5.1) lib/web_console/middleware.rb:28:in `block in call'
web-console (3.5.1) lib/web_console/middleware.rb:18:in `catch'
web-console (3.5.1) lib/web_console/middleware.rb:18:in `call'
actionpack (5.1.4) lib/action_dispatch/middleware/show_exceptions.rb:31:in `call'
railties (5.1.4) lib/rails/rack/logger.rb:36:in `call_app'
railties (5.1.4) lib/rails/rack/logger.rb:24:in `block in call'
activesupport (5.1.4) lib/active_support/tagged_logging.rb:69:in `block in tagged'
activesupport (5.1.4) lib/active_support/tagged_logging.rb:26:in `tagged'
activesupport (5.1.4) lib/active_support/tagged_logging.rb:69:in `tagged'
railties (5.1.4) lib/rails/rack/logger.rb:24:in `call'
sprockets-rails (3.2.1) lib/sprockets/rails/quiet_assets.rb:13:in `call'
actionpack (5.1.4) lib/action_dispatch/middleware/remote_ip.rb:79:in `call'
actionpack (5.1.4) lib/action_dispatch/middleware/request_id.rb:25:in `call'
rack (2.0.3) lib/rack/method_override.rb:22:in `call'
rack (2.0.3) lib/rack/runtime.rb:22:in `call'
activesupport (5.1.4) lib/active_support/cache/strategy/local_cache_middleware.rb:27:in `call'
actionpack (5.1.4) lib/action_dispatch/middleware/executor.rb:12:in `call'
actionpack (5.1.4) lib/action_dispatch/middleware/static.rb:125:in `call'
rack (2.0.3) lib/rack/sendfile.rb:111:in `call'
rack-cors (1.0.1) lib/rack/cors.rb:93:in `call'
railties (5.1.4) lib/rails/engine.rb:522:in `call'
puma (3.10.0) lib/puma/configuration.rb:225:in `call'
puma (3.10.0) lib/puma/server.rb:605:in `handle_request'
puma (3.10.0) lib/puma/server.rb:437:in `process_client'
puma (3.10.0) lib/puma/server.rb:301:in `block in run'
puma (3.10.0) lib/puma/thread_pool.rb:120:in `block in spawn_thread'
Started GET "/site/js/owl.js" for 127.0.0.1 at 2017-10-18 19:39:19 -0500
  
ActionController::RoutingError (No route matches [GET] "/site/js/owl.js"):
  
actionpack (5.1.4) lib/action_dispatch/middleware/debug_exceptions.rb:63:in `call'
web-console (3.5.1) lib/web_console/middleware.rb:135:in `call_app'
web-console (3.5.1) lib/web_console/middleware.rb:28:in `block in call'
web-console (3.5.1) lib/web_console/middleware.rb:18:in `catch'
web-console (3.5.1) lib/web_console/middleware.rb:18:in `call'
actionpack (5.1.4) lib/action_dispatch/middleware/show_exceptions.rb:31:in `call'
railties (5.1.4) lib/rails/rack/logger.rb:36:in `call_app'
railties (5.1.4) lib/rails/rack/logger.rb:24:in `block in call'
activesupport (5.1.4) lib/active_support/tagged_logging.rb:69:in `block in tagged'
activesupport (5.1.4) lib/active_support/tagged_logging.rb:26:in `tagged'
activesupport (5.1.4) lib/active_support/tagged_logging.rb:69:in `tagged'
railties (5.1.4) lib/rails/rack/logger.rb:24:in `call'
sprockets-rails (3.2.1) lib/sprockets/rails/quiet_assets.rb:13:in `call'
actionpack (5.1.4) lib/action_dispatch/middleware/remote_ip.rb:79:in `call'
actionpack (5.1.4) lib/action_dispatch/middleware/request_id.rb:25:in `call'
rack (2.0.3) lib/rack/method_override.rb:22:in `call'
rack (2.0.3) lib/rack/runtime.rb:22:in `call'
activesupport (5.1.4) lib/active_support/cache/strategy/local_cache_middleware.rb:27:in `call'
actionpack (5.1.4) lib/action_dispatch/middleware/executor.rb:12:in `call'
actionpack (5.1.4) lib/action_dispatch/middleware/static.rb:125:in `call'
rack (2.0.3) lib/rack/sendfile.rb:111:in `call'
rack-cors (1.0.1) lib/rack/cors.rb:93:in `call'
railties (5.1.4) lib/rails/engine.rb:522:in `call'
puma (3.10.0) lib/puma/configuration.rb:225:in `call'
puma (3.10.0) lib/puma/server.rb:605:in `handle_request'
puma (3.10.0) lib/puma/server.rb:437:in `process_client'
puma (3.10.0) lib/puma/server.rb:301:in `block in run'
puma (3.10.0) lib/puma/thread_pool.rb:120:in `block in spawn_thread'
Started GET "/site/js/wow.js" for 127.0.0.1 at 2017-10-18 19:39:19 -0500
  
ActionController::RoutingError (No route matches [GET] "/site/js/wow.js"):
  
actionpack (5.1.4) lib/action_dispatch/middleware/debug_exceptions.rb:63:in `call'
web-console (3.5.1) lib/web_console/middleware.rb:135:in `call_app'
web-console (3.5.1) lib/web_console/middleware.rb:28:in `block in call'
web-console (3.5.1) lib/web_console/middleware.rb:18:in `catch'
web-console (3.5.1) lib/web_console/middleware.rb:18:in `call'
actionpack (5.1.4) lib/action_dispatch/middleware/show_exceptions.rb:31:in `call'
railties (5.1.4) lib/rails/rack/logger.rb:36:in `call_app'
railties (5.1.4) lib/rails/rack/logger.rb:24:in `block in call'
activesupport (5.1.4) lib/active_support/tagged_logging.rb:69:in `block in tagged'
activesupport (5.1.4) lib/active_support/tagged_logging.rb:26:in `tagged'
activesupport (5.1.4) lib/active_support/tagged_logging.rb:69:in `tagged'
railties (5.1.4) lib/rails/rack/logger.rb:24:in `call'
sprockets-rails (3.2.1) lib/sprockets/rails/quiet_assets.rb:13:in `call'
actionpack (5.1.4) lib/action_dispatch/middleware/remote_ip.rb:79:in `call'
actionpack (5.1.4) lib/action_dispatch/middleware/request_id.rb:25:in `call'
rack (2.0.3) lib/rack/method_override.rb:22:in `call'
rack (2.0.3) lib/rack/runtime.rb:22:in `call'
activesupport (5.1.4) lib/active_support/cache/strategy/local_cache_middleware.rb:27:in `call'
actionpack (5.1.4) lib/action_dispatch/middleware/executor.rb:12:in `call'
actionpack (5.1.4) lib/action_dispatch/middleware/static.rb:125:in `call'
rack (2.0.3) lib/rack/sendfile.rb:111:in `call'
rack-cors (1.0.1) lib/rack/cors.rb:93:in `call'
railties (5.1.4) lib/rails/engine.rb:522:in `call'
puma (3.10.0) lib/puma/configuration.rb:225:in `call'
puma (3.10.0) lib/puma/server.rb:605:in `handle_request'
puma (3.10.0) lib/puma/server.rb:437:in `process_client'
puma (3.10.0) lib/puma/server.rb:301:in `block in run'
puma (3.10.0) lib/puma/thread_pool.rb:120:in `block in spawn_thread'
Started GET "/site/js/appear.js" for 127.0.0.1 at 2017-10-18 19:39:19 -0500
  
ActionController::RoutingError (No route matches [GET] "/site/js/appear.js"):
  
actionpack (5.1.4) lib/action_dispatch/middleware/debug_exceptions.rb:63:in `call'
web-console (3.5.1) lib/web_console/middleware.rb:135:in `call_app'
web-console (3.5.1) lib/web_console/middleware.rb:28:in `block in call'
web-console (3.5.1) lib/web_console/middleware.rb:18:in `catch'
web-console (3.5.1) lib/web_console/middleware.rb:18:in `call'
actionpack (5.1.4) lib/action_dispatch/middleware/show_exceptions.rb:31:in `call'
railties (5.1.4) lib/rails/rack/logger.rb:36:in `call_app'
railties (5.1.4) lib/rails/rack/logger.rb:24:in `block in call'
activesupport (5.1.4) lib/active_support/tagged_logging.rb:69:in `block in tagged'
activesupport (5.1.4) lib/active_support/tagged_logging.rb:26:in `tagged'
activesupport (5.1.4) lib/active_support/tagged_logging.rb:69:in `tagged'
railties (5.1.4) lib/rails/rack/logger.rb:24:in `call'
sprockets-rails (3.2.1) lib/sprockets/rails/quiet_assets.rb:13:in `call'
actionpack (5.1.4) lib/action_dispatch/middleware/remote_ip.rb:79:in `call'
actionpack (5.1.4) lib/action_dispatch/middleware/request_id.rb:25:in `call'
rack (2.0.3) lib/rack/method_override.rb:22:in `call'
rack (2.0.3) lib/rack/runtime.rb:22:in `call'
activesupport (5.1.4) lib/active_support/cache/strategy/local_cache_middleware.rb:27:in `call'
actionpack (5.1.4) lib/action_dispatch/middleware/executor.rb:12:in `call'
actionpack (5.1.4) lib/action_dispatch/middleware/static.rb:125:in `call'
rack (2.0.3) lib/rack/sendfile.rb:111:in `call'
rack-cors (1.0.1) lib/rack/cors.rb:93:in `call'
railties (5.1.4) lib/rails/engine.rb:522:in `call'
puma (3.10.0) lib/puma/configuration.rb:225:in `call'
puma (3.10.0) lib/puma/server.rb:605:in `handle_request'
puma (3.10.0) lib/puma/server.rb:437:in `process_client'
puma (3.10.0) lib/puma/server.rb:301:in `block in run'
puma (3.10.0) lib/puma/thread_pool.rb:120:in `block in spawn_thread'
Started GET "/site/js/script.js" for 127.0.0.1 at 2017-10-18 19:39:19 -0500
  
ActionController::RoutingError (No route matches [GET] "/site/js/script.js"):
  
actionpack (5.1.4) lib/action_dispatch/middleware/debug_exceptions.rb:63:in `call'
web-console (3.5.1) lib/web_console/middleware.rb:135:in `call_app'
web-console (3.5.1) lib/web_console/middleware.rb:28:in `block in call'
web-console (3.5.1) lib/web_console/middleware.rb:18:in `catch'
web-console (3.5.1) lib/web_console/middleware.rb:18:in `call'
actionpack (5.1.4) lib/action_dispatch/middleware/show_exceptions.rb:31:in `call'
railties (5.1.4) lib/rails/rack/logger.rb:36:in `call_app'
railties (5.1.4) lib/rails/rack/logger.rb:24:in `block in call'
activesupport (5.1.4) lib/active_support/tagged_logging.rb:69:in `block in tagged'
activesupport (5.1.4) lib/active_support/tagged_logging.rb:26:in `tagged'
activesupport (5.1.4) lib/active_support/tagged_logging.rb:69:in `tagged'
railties (5.1.4) lib/rails/rack/logger.rb:24:in `call'
sprockets-rails (3.2.1) lib/sprockets/rails/quiet_assets.rb:13:in `call'
actionpack (5.1.4) lib/action_dispatch/middleware/remote_ip.rb:79:in `call'
actionpack (5.1.4) lib/action_dispatch/middleware/request_id.rb:25:in `call'
rack (2.0.3) lib/rack/method_override.rb:22:in `call'
rack (2.0.3) lib/rack/runtime.rb:22:in `call'
activesupport (5.1.4) lib/active_support/cache/strategy/local_cache_middleware.rb:27:in `call'
actionpack (5.1.4) lib/action_dispatch/middleware/executor.rb:12:in `call'
actionpack (5.1.4) lib/action_dispatch/middleware/static.rb:125:in `call'
rack (2.0.3) lib/rack/sendfile.rb:111:in `call'
rack-cors (1.0.1) lib/rack/cors.rb:93:in `call'
railties (5.1.4) lib/rails/engine.rb:522:in `call'
puma (3.10.0) lib/puma/configuration.rb:225:in `call'
puma (3.10.0) lib/puma/server.rb:605:in `handle_request'
puma (3.10.0) lib/puma/server.rb:437:in `process_client'
puma (3.10.0) lib/puma/server.rb:301:in `block in run'
puma (3.10.0) lib/puma/thread_pool.rb:120:in `block in spawn_thread'
Started GET "/divisas" for 127.0.0.1 at 2017-10-18 19:40:05 -0500
Processing by DivisasController#index as HTML
  Rendering divisas/index.html.erb within layouts/application
  [1m[36mDivisa Load (0.5ms)[0m  [1m[34mSELECT "divisas".* FROM "divisas"[0m
  Rendered divisas/index.html.erb within layouts/application (7.5ms)
Completed 200 OK in 91ms (Views: 88.0ms | ActiveRecord: 0.5ms)


Started GET "/divisas" for 127.0.0.1 at 2017-10-18 19:40:06 -0500
Processing by DivisasController#index as HTML
  Rendering divisas/index.html.erb within layouts/application
  [1m[36mDivisa Load (0.3ms)[0m  [1m[34mSELECT "divisas".* FROM "divisas"[0m
  Rendered divisas/index.html.erb within layouts/application (10.4ms)
Completed 200 OK in 158ms (Views: 156.4ms | ActiveRecord: 0.3ms)


Started GET "/api" for 127.0.0.1 at 2017-10-18 19:40:25 -0500
Processing by ApplicationController#index as JSON
Completed 200 OK in 1ms (Views: 0.4ms | ActiveRecord: 0.0ms)


Started GET "/api" for 127.0.0.1 at 2017-10-18 19:40:30 -0500
Processing by ApplicationController#index as JSON
Completed 200 OK in 1ms (Views: 0.5ms | ActiveRecord: 0.0ms)


Started GET "/divisas" for 127.0.0.1 at 2017-10-18 19:40:37 -0500
Processing by DivisasController#index as HTML
  Rendering divisas/index.html.erb within layouts/application
  [1m[36mDivisa Load (6.8ms)[0m  [1m[34mSELECT "divisas".* FROM "divisas"[0m
  Rendered divisas/index.html.erb within layouts/application (12.3ms)
Completed 200 OK in 93ms (Views: 84.2ms | ActiveRecord: 6.8ms)


Started GET "/panel/DataTables/css/jquery.dataTables.css" for 127.0.0.1 at 2017-10-18 19:40:37 -0500
  
ActionController::RoutingError (No route matches [GET] "/panel/DataTables/css/jquery.dataTables.css"):
  
actionpack (5.1.4) lib/action_dispatch/middleware/debug_exceptions.rb:63:in `call'
web-console (3.5.1) lib/web_console/middleware.rb:135:in `call_app'
web-console (3.5.1) lib/web_console/middleware.rb:28:in `block in call'
web-console (3.5.1) lib/web_console/middleware.rb:18:in `catch'
web-console (3.5.1) lib/web_console/middleware.rb:18:in `call'
actionpack (5.1.4) lib/action_dispatch/middleware/show_exceptions.rb:31:in `call'
railties (5.1.4) lib/rails/rack/logger.rb:36:in `call_app'
railties (5.1.4) lib/rails/rack/logger.rb:24:in `block in call'
activesupport (5.1.4) lib/active_support/tagged_logging.rb:69:in `block in tagged'
activesupport (5.1.4) lib/active_support/tagged_logging.rb:26:in `tagged'
activesupport (5.1.4) lib/active_support/tagged_logging.rb:69:in `tagged'
railties (5.1.4) lib/rails/rack/logger.rb:24:in `call'
sprockets-rails (3.2.1) lib/sprockets/rails/quiet_assets.rb:13:in `call'
actionpack (5.1.4) lib/action_dispatch/middleware/remote_ip.rb:79:in `call'
actionpack (5.1.4) lib/action_dispatch/middleware/request_id.rb:25:in `call'
rack (2.0.3) lib/rack/method_override.rb:22:in `call'
rack (2.0.3) lib/rack/runtime.rb:22:in `call'
activesupport (5.1.4) lib/active_support/cache/strategy/local_cache_middleware.rb:27:in `call'
actionpack (5.1.4) lib/action_dispatch/middleware/executor.rb:12:in `call'
actionpack (5.1.4) lib/action_dispatch/middleware/static.rb:125:in `call'
rack (2.0.3) lib/rack/sendfile.rb:111:in `call'
rack-cors (1.0.1) lib/rack/cors.rb:93:in `call'
railties (5.1.4) lib/rails/engine.rb:522:in `call'
puma (3.10.0) lib/puma/configuration.rb:225:in `call'
puma (3.10.0) lib/puma/server.rb:605:in `handle_request'
puma (3.10.0) lib/puma/server.rb:437:in `process_client'
puma (3.10.0) lib/puma/server.rb:301:in `block in run'
puma (3.10.0) lib/puma/thread_pool.rb:120:in `block in spawn_thread'
Started GET "/panel/DataTables/js/jquery.dataTables.js" for 127.0.0.1 at 2017-10-18 19:40:38 -0500
  
ActionController::RoutingError (No route matches [GET] "/panel/DataTables/js/jquery.dataTables.js"):
  
actionpack (5.1.4) lib/action_dispatch/middleware/debug_exceptions.rb:63:in `call'
web-console (3.5.1) lib/web_console/middleware.rb:135:in `call_app'
web-console (3.5.1) lib/web_console/middleware.rb:28:in `block in call'
web-console (3.5.1) lib/web_console/middleware.rb:18:in `catch'
web-console (3.5.1) lib/web_console/middleware.rb:18:in `call'
actionpack (5.1.4) lib/action_dispatch/middleware/show_exceptions.rb:31:in `call'
railties (5.1.4) lib/rails/rack/logger.rb:36:in `call_app'
railties (5.1.4) lib/rails/rack/logger.rb:24:in `block in call'
activesupport (5.1.4) lib/active_support/tagged_logging.rb:69:in `block in tagged'
activesupport (5.1.4) lib/active_support/tagged_logging.rb:26:in `tagged'
activesupport (5.1.4) lib/active_support/tagged_logging.rb:69:in `tagged'
railties (5.1.4) lib/rails/rack/logger.rb:24:in `call'
sprockets-rails (3.2.1) lib/sprockets/rails/quiet_assets.rb:13:in `call'
actionpack (5.1.4) lib/action_dispatch/middleware/remote_ip.rb:79:in `call'
actionpack (5.1.4) lib/action_dispatch/middleware/request_id.rb:25:in `call'
rack (2.0.3) lib/rack/method_override.rb:22:in `call'
rack (2.0.3) lib/rack/runtime.rb:22:in `call'
activesupport (5.1.4) lib/active_support/cache/strategy/local_cache_middleware.rb:27:in `call'
actionpack (5.1.4) lib/action_dispatch/middleware/executor.rb:12:in `call'
actionpack (5.1.4) lib/action_dispatch/middleware/static.rb:125:in `call'
rack (2.0.3) lib/rack/sendfile.rb:111:in `call'
rack-cors (1.0.1) lib/rack/cors.rb:93:in `call'
railties (5.1.4) lib/rails/engine.rb:522:in `call'
puma (3.10.0) lib/puma/configuration.rb:225:in `call'
puma (3.10.0) lib/puma/server.rb:605:in `handle_request'
puma (3.10.0) lib/puma/server.rb:437:in `process_client'
puma (3.10.0) lib/puma/server.rb:301:in `block in run'
puma (3.10.0) lib/puma/thread_pool.rb:120:in `block in spawn_thread'
Started GET "/panel/DataTables/css/jquery.dataTables.css" for 127.0.0.1 at 2017-10-18 19:40:38 -0500
  
Started GET "/panel/DataTables/js/jquery.dataTables.js" for 127.0.0.1 at 2017-10-18 19:40:38 -0500
ActionController::RoutingError (No route matches [GET] "/panel/DataTables/css/jquery.dataTables.css"):
  
  
actionpack (5.1.4) lib/action_dispatch/middleware/debug_exceptions.rb:63:in `call'
web-console (3.5.1) lib/web_console/middleware.rb:135:in `call_app'
web-console (3.5.1) lib/web_console/middleware.rb:28:in `block in call'
web-console (3.5.1) lib/web_console/middleware.rb:18:in `catch'
web-console (3.5.1) lib/web_console/middleware.rb:18:in `call'
actionpack (5.1.4) lib/action_dispatch/middleware/show_exceptions.rb:31:in `call'
railties (5.1.4) lib/rails/rack/logger.rb:36:in `call_app'
railties (5.1.4) lib/rails/rack/logger.rb:24:in `block in call'
activesupport (5.1.4) lib/active_support/tagged_logging.rb:69:in `block in tagged'
activesupport (5.1.4) lib/active_support/tagged_logging.rb:26:in `tagged'
activesupport (5.1.4) lib/active_support/tagged_logging.rb:69:in `tagged'
railties (5.1.4) lib/rails/rack/logger.rb:24:in `call'
sprockets-rails (3.2.1) lib/sprockets/rails/quiet_assets.rb:13:in `call'
actionpack (5.1.4) lib/action_dispatch/middleware/remote_ip.rb:79:in `call'
actionpack (5.1.4) lib/action_dispatch/middleware/request_id.rb:25:in `call'
rack (2.0.3) lib/rack/method_override.rb:22:in `call'
rack (2.0.3) lib/rack/runtime.rb:22:in `call'
activesupport (5.1.4) lib/active_support/cache/strategy/local_cache_middleware.rb:27:in `call'
actionpack (5.1.4) lib/action_dispatch/middleware/executor.rb:12:in `call'
actionpack (5.1.4) lib/action_dispatch/middleware/static.rb:125:in `call'
rack (2.0.3) lib/rack/sendfile.rb:111:in `call'
rack-cors (1.0.1) lib/rack/cors.rb:93:in `call'
railties (5.1.4) lib/rails/engine.rb:522:in `call'
puma (3.10.0) lib/puma/configuration.rb:225:in `call'
puma (3.10.0) lib/puma/server.rb:605:in `handle_request'
puma (3.10.0) lib/puma/server.rb:437:in `process_client'
puma (3.10.0) lib/puma/server.rb:301:in `block in run'
puma (3.10.0) lib/puma/thread_pool.rb:120:in `block in spawn_thread'
ActionController::RoutingError (No route matches [GET] "/panel/DataTables/js/jquery.dataTables.js"):
  
actionpack (5.1.4) lib/action_dispatch/middleware/debug_exceptions.rb:63:in `call'
web-console (3.5.1) lib/web_console/middleware.rb:135:in `call_app'
web-console (3.5.1) lib/web_console/middleware.rb:28:in `block in call'
web-console (3.5.1) lib/web_console/middleware.rb:18:in `catch'
web-console (3.5.1) lib/web_console/middleware.rb:18:in `call'
actionpack (5.1.4) lib/action_dispatch/middleware/show_exceptions.rb:31:in `call'
railties (5.1.4) lib/rails/rack/logger.rb:36:in `call_app'
railties (5.1.4) lib/rails/rack/logger.rb:24:in `block in call'
activesupport (5.1.4) lib/active_support/tagged_logging.rb:69:in `block in tagged'
activesupport (5.1.4) lib/active_support/tagged_logging.rb:26:in `tagged'
activesupport (5.1.4) lib/active_support/tagged_logging.rb:69:in `tagged'
railties (5.1.4) lib/rails/rack/logger.rb:24:in `call'
sprockets-rails (3.2.1) lib/sprockets/rails/quiet_assets.rb:13:in `call'
actionpack (5.1.4) lib/action_dispatch/middleware/remote_ip.rb:79:in `call'
actionpack (5.1.4) lib/action_dispatch/middleware/request_id.rb:25:in `call'
rack (2.0.3) lib/rack/method_override.rb:22:in `call'
rack (2.0.3) lib/rack/runtime.rb:22:in `call'
activesupport (5.1.4) lib/active_support/cache/strategy/local_cache_middleware.rb:27:in `call'
actionpack (5.1.4) lib/action_dispatch/middleware/executor.rb:12:in `call'
actionpack (5.1.4) lib/action_dispatch/middleware/static.rb:125:in `call'
rack (2.0.3) lib/rack/sendfile.rb:111:in `call'
rack-cors (1.0.1) lib/rack/cors.rb:93:in `call'
railties (5.1.4) lib/rails/engine.rb:522:in `call'
puma (3.10.0) lib/puma/configuration.rb:225:in `call'
puma (3.10.0) lib/puma/server.rb:605:in `handle_request'
puma (3.10.0) lib/puma/server.rb:437:in `process_client'
puma (3.10.0) lib/puma/server.rb:301:in `block in run'
puma (3.10.0) lib/puma/thread_pool.rb:120:in `block in spawn_thread'
Started GET "/api" for 127.0.0.1 at 2017-10-18 19:41:19 -0500
Processing by ApplicationController#index as JSON
Completed 200 OK in 1ms (Views: 0.2ms | ActiveRecord: 0.0ms)


Started GET "/api" for 127.0.0.1 at 2017-10-18 19:48:12 -0500
Processing by ApplicationController#index as JSON
Completed 200 OK in 1ms (Views: 0.2ms | ActiveRecord: 0.0ms)


Started GET "/divisas" for 127.0.0.1 at 2017-10-18 19:48:44 -0500
Processing by DivisasController#index as HTML
  Rendering divisas/index.html.erb within layouts/application
  [1m[36mDivisa Load (0.3ms)[0m  [1m[34mSELECT "divisas".* FROM "divisas"[0m
  Rendered divisas/index.html.erb within layouts/application (8.8ms)
Completed 200 OK in 63ms (Views: 60.4ms | ActiveRecord: 0.3ms)


Started GET "/divisas/1" for 127.0.0.1 at 2017-10-18 19:49:20 -0500
Processing by DivisasController#show as HTML
  Parameters: {"id"=>"1"}
  [1m[36mDivisa Load (0.2ms)[0m  [1m[34mSELECT  "divisas".* FROM "divisas" WHERE "divisas"."id" = ? LIMIT ?[0m  [["id", 1], ["LIMIT", 1]]
  Rendering divisas/show.html.erb within layouts/application
  Rendered divisas/show.html.erb within layouts/application (1.3ms)
Completed 200 OK in 57ms (Views: 47.9ms | ActiveRecord: 0.2ms)


Started GET "/divisas/1" for 127.0.0.1 at 2017-10-18 20:03:21 -0500
Processing by DivisasController#show as HTML
  Parameters: {"id"=>"1"}
  [1m[36mDivisa Load (0.2ms)[0m  [1m[34mSELECT  "divisas".* FROM "divisas" WHERE "divisas"."id" = ? LIMIT ?[0m  [["id", 1], ["LIMIT", 1]]
  Rendering divisas/show.html.erb within layouts/application
  Rendered divisas/show.html.erb within layouts/application (1.5ms)
Completed 500 Internal Server Error in 92ms (ActiveRecord: 0.2ms)


  
ActionView::Template::Error (couldn't find file 'jquery' with type 'application/javascript'
Checked in these paths: 
  /home/frank/sites/divisas/app/assets/config
  /home/frank/sites/divisas/app/assets/images
  /home/frank/sites/divisas/app/assets/javascripts
  /home/frank/sites/divisas/app/assets/stylesheets
  /home/frank/.rvm/gems/ruby-2.4.2/gems/coffee-rails-4.2.2/lib/assets/javascripts
  /home/frank/.rvm/gems/ruby-2.4.2/gems/actioncable-5.1.4/lib/assets/compiled
  /home/frank/.rvm/gems/ruby-2.4.2/gems/actionview-5.1.4/lib/assets/compiled
  /home/frank/.rvm/gems/ruby-2.4.2/gems/turbolinks-source-5.0.3/lib/assets/javascripts
  /home/frank/sites/divisas/node_modules
  /home/frank/sites/divisas/node_modules):
     5:     <%= csrf_meta_tags %>
     6: 
     7:     <%= stylesheet_link_tag    'application', media: 'all', 'data-turbolinks-track': 'reload' %>
     8:     <%= javascript_include_tag 'application', 'data-turbolinks-track': 'reload' %>
     9:   </head>
    10: 
    11:   <body>
  
app/assets/javascripts/application.js:16
app/views/layouts/application.html.erb:8:in `_app_views_layouts_application_html_erb___2897342961037279302_70090531663240'
